{"level":"info","message":"Servidor corriendo en puerto 3001","service":"call-analysis-api","timestamp":"2025-08-26 14:20:39.452"}
{"level":"info","message":"Servidor corriendo en puerto 3001","service":"call-analysis-api","timestamp":"2025-08-26 14:23:07.002"}
{"level":"info","message":"Servidor corriendo en puerto 3001","service":"call-analysis-api","timestamp":"2025-08-26 14:23:10.255"}
{"level":"info","message":"Servidor corriendo en puerto 3001","service":"call-analysis-api","timestamp":"2025-08-26 14:23:58.949"}
{"level":"info","message":"Servidor corriendo en puerto 3001","service":"call-analysis-api","timestamp":"2025-08-26 14:24:47.508"}
{"level":"info","message":"Servidor corriendo en puerto 3001","service":"call-analysis-api","timestamp":"2025-08-26 14:24:55.687"}
{"level":"info","message":"Servidor corriendo en puerto 3001","service":"call-analysis-api","timestamp":"2025-08-26 14:25:14.393"}
{"level":"info","message":"Servidor corriendo en puerto 3001","service":"call-analysis-api","timestamp":"2025-08-26 14:25:21.760"}
{"level":"info","message":"Servidor corriendo en puerto 3001","service":"call-analysis-api","timestamp":"2025-08-26 14:27:39.020"}
{"level":"info","message":"Servidor corriendo en puerto 3001","service":"call-analysis-api","timestamp":"2025-08-26 14:27:43.110"}
{"level":"info","message":"Servidor corriendo en puerto 3001","service":"call-analysis-api","timestamp":"2025-08-26 14:29:08.456"}
{"level":"info","message":"Servidor corriendo en puerto 3001","service":"call-analysis-api","timestamp":"2025-08-26 22:30:05.310"}
{"level":"info","message":"Servidor corriendo en puerto 3001","service":"call-analysis-api","timestamp":"2025-08-26 22:32:54.666"}
{"level":"info","message":"Servidor corriendo en puerto 3001","service":"call-analysis-api","timestamp":"2025-08-26 22:34:42.339"}
{"level":"info","message":"Servidor corriendo en puerto 3001","service":"call-analysis-api","timestamp":"2025-08-26 22:34:45.883"}
{"level":"info","message":"Servidor corriendo en puerto 3001","service":"call-analysis-api","timestamp":"2025-08-26 22:34:56.447"}
{"level":"info","message":"Servidor corriendo en puerto 3001","service":"call-analysis-api","timestamp":"2025-08-26 22:34:58.609"}
{"level":"info","message":"Servidor corriendo en puerto 3001","service":"call-analysis-api","timestamp":"2025-08-26 22:35:11.982"}
{"level":"info","message":"Servidor corriendo en puerto 3001","service":"call-analysis-api","timestamp":"2025-08-26 22:35:22.784"}
{"level":"info","message":"Servidor corriendo en puerto 3001","service":"call-analysis-api","timestamp":"2025-08-26 22:35:30.724"}
{"level":"info","message":"Servidor corriendo en puerto 3001","service":"call-analysis-api","timestamp":"2025-08-26 22:35:46.747"}
{"level":"info","message":"Servidor corriendo en puerto 3001","service":"call-analysis-api","timestamp":"2025-08-26 22:35:59.585"}
{"level":"info","message":"Servidor corriendo en puerto 3001","service":"call-analysis-api","timestamp":"2025-08-26 22:36:09.150"}
{"level":"info","message":"Servidor corriendo en puerto 3001","service":"call-analysis-api","timestamp":"2025-08-26 22:36:29.688"}
{"level":"info","message":"Servidor corriendo en puerto 3001","service":"call-analysis-api","timestamp":"2025-08-26 22:36:31.209"}
{"level":"info","message":"Servidor corriendo en puerto 3001","service":"call-analysis-api","timestamp":"2025-08-26 22:52:15.576"}
{"level":"info","message":"Servidor corriendo en puerto 3001","service":"call-analysis-api","timestamp":"2025-08-26 22:53:20.367"}
{"agentId":"xxxxxxxx-xxxx-xxxx-xxxx-xxxxxxxxxxxx","apiKey":"sk-proj-xx...","baseUrl":"https://api.elevenlabs.io/v1","level":"info","message":"ElevenLabs Service initialized with:","service":"call-analysis-api","timestamp":"2025-08-26 23:04:42.895"}
{"level":"info","message":"Servidor corriendo en puerto 3001","service":"call-analysis-api","timestamp":"2025-08-26 23:04:43.140"}
{"agentId":"xxxxxxxx-xxxx-xxxx-xxxx-xxxxxxxxxxxx","apiKey":"sk-proj-xx...","baseUrl":"https://api.elevenlabs.io/v1","level":"info","message":"ElevenLabs Service initialized with:","service":"call-analysis-api","timestamp":"2025-08-26 23:04:58.367"}
{"level":"info","message":"Servidor corriendo en puerto 3001","service":"call-analysis-api","timestamp":"2025-08-26 23:04:58.639"}
{"agentId":"xxxxxxxx-xxxx-xxxx-xxxx-xxxxxxxxxxxx","apiKey":"sk-proj-xx...","baseUrl":"https://api.elevenlabs.io/v1","level":"info","message":"ElevenLabs Service initialized with:","service":"call-analysis-api","timestamp":"2025-08-26 23:05:21.789"}
{"level":"info","message":"Servidor corriendo en puerto 3001","service":"call-analysis-api","timestamp":"2025-08-26 23:05:22.047"}
{"agentId":"xxxxxxxx-xxxx-xxxx-xxxx-xxxxxxxxxxxx","apiKey":"sk-proj-xx...","baseUrl":"https://api.elevenlabs.io/v1","level":"info","message":"ElevenLabs Service initialized with:","service":"call-analysis-api","timestamp":"2025-08-26 23:09:06.746"}
{"level":"info","message":"Servidor corriendo en puerto 3001","service":"call-analysis-api","timestamp":"2025-08-26 23:09:06.985"}
{"agentId":"xxxxxxxx-xxxx-xxxx-xxxx-xxxxxxxxxxxx","apiKey":"sk-proj-xx...","baseUrl":"https://api.elevenlabs.io/v1","level":"info","message":"ElevenLabs Service initialized with:","service":"call-analysis-api","timestamp":"2025-08-26 23:13:14.847"}
{"level":"info","message":"Servidor corriendo en puerto 3001","service":"call-analysis-api","timestamp":"2025-08-26 23:13:15.056"}
{"agentId":"xxxxxxxx-xxxx-xxxx-xxxx-xxxxxxxxxxxx","apiKey":"sk-proj-xx...","baseUrl":"https://api.elevenlabs.io/v1","level":"info","message":"ElevenLabs Service initialized with:","service":"call-analysis-api","timestamp":"2025-08-26 23:13:33.216"}
{"level":"info","message":"Servidor corriendo en puerto 3001","service":"call-analysis-api","timestamp":"2025-08-26 23:13:33.453"}
{"agentId":"xxxxxxxx-xxxx-xxxx-xxxx-xxxxxxxxxxxx","apiKey":"sk-proj-xx...","baseUrl":"https://api.elevenlabs.io/v1","level":"info","message":"ElevenLabs Service initialized with:","service":"call-analysis-api","timestamp":"2025-08-26 23:13:36.347"}
{"level":"info","message":"Servidor corriendo en puerto 3001","service":"call-analysis-api","timestamp":"2025-08-26 23:13:36.601"}
{"agentId":"xxxxxxxx-xxxx-xxxx-xxxx-xxxxxxxxxxxx","apiKey":"sk-proj-xx...","baseUrl":"https://api.elevenlabs.io/v1","level":"info","message":"ElevenLabs Service initialized with:","service":"call-analysis-api","timestamp":"2025-08-26 23:13:40.867"}
{"level":"info","message":"Servidor corriendo en puerto 3001","service":"call-analysis-api","timestamp":"2025-08-26 23:13:41.102"}
{"agentId":"xxxxxxxx-xxxx-xxxx-xxxx-xxxxxxxxxxxx","apiKey":"sk-proj-xx...","baseUrl":"https://api.elevenlabs.io/v1","level":"info","message":"ElevenLabs Service initialized with:","service":"call-analysis-api","timestamp":"2025-08-26 23:13:54.777"}
{"level":"info","message":"Servidor corriendo en puerto 3001","service":"call-analysis-api","timestamp":"2025-08-26 23:13:55.020"}
{"agentId":"xxxxxxxx-xxxx-xxxx-xxxx-xxxxxxxxxxxx","apiKey":"sk-proj-xx...","baseUrl":"https://api.elevenlabs.io/v1","level":"info","message":"ElevenLabs Service initialized with:","service":"call-analysis-api","timestamp":"2025-08-26 23:14:01.613"}
{"level":"info","message":"Servidor corriendo en puerto 3001","service":"call-analysis-api","timestamp":"2025-08-26 23:14:01.864"}
{"agentId":"xxxxxxxx-xxxx-xxxx-xxxx-xxxxxxxxxxxx","apiKey":"sk-proj-xx...","baseUrl":"https://api.elevenlabs.io/v1","level":"info","message":"ElevenLabs Service initialized with:","service":"call-analysis-api","timestamp":"2025-08-26 23:14:03.965"}
{"level":"info","message":"Servidor corriendo en puerto 3001","service":"call-analysis-api","timestamp":"2025-08-26 23:14:04.201"}
{"agentId":"xxxxxxxx-xxxx-xxxx-xxxx-xxxxxxxxxxxx","apiKey":"sk-proj-xx...","baseUrl":"https://api.elevenlabs.io/v1","level":"info","message":"ElevenLabs Service initialized with:","service":"call-analysis-api","timestamp":"2025-08-26 23:17:21.952"}
{"level":"info","message":"Servidor corriendo en puerto 3001","service":"call-analysis-api","timestamp":"2025-08-26 23:17:22.211"}
{"agentId":"xxxxxxxx-xxxx-xxxx-xxxx-xxxxxxxxxxxx","apiKey":"sk-proj-xx...","baseUrl":"https://api.elevenlabs.io/v1","level":"info","message":"ElevenLabs Service initialized with:","service":"call-analysis-api","timestamp":"2025-08-26 23:19:56.815"}
{"level":"info","message":"Servidor corriendo en puerto 3001","service":"call-analysis-api","timestamp":"2025-08-26 23:19:57.071"}
{"agentId":"xxxxxxxx-xxxx-xxxx-xxxx-xxxxxxxxxxxx","apiKey":"sk-proj-xx...","baseUrl":"https://api.elevenlabs.io/v1","level":"info","message":"ElevenLabs Service initialized with:","service":"call-analysis-api","timestamp":"2025-08-26 23:20:07.989"}
{"level":"info","message":"Servidor corriendo en puerto 3001","service":"call-analysis-api","timestamp":"2025-08-26 23:20:08.238"}
{"agentId":"xxxxxxxx-xxxx-xxxx-xxxx-xxxxxxxxxxxx","apiKey":"sk-proj-xx...","baseUrl":"https://api.elevenlabs.io/v1","level":"info","message":"ElevenLabs Service initialized with:","service":"call-analysis-api","timestamp":"2025-08-26 23:20:17.565"}
{"level":"info","message":"Servidor corriendo en puerto 3001","service":"call-analysis-api","timestamp":"2025-08-26 23:20:17.819"}
{"agentId":"xxxxxxxx-xxxx-xxxx-xxxx-xxxxxxxxxxxx","apiKey":"sk-proj-xx...","baseUrl":"https://api.elevenlabs.io/v1","level":"info","message":"ElevenLabs Service initialized with:","service":"call-analysis-api","timestamp":"2025-08-26 23:22:16.303"}
{"level":"info","message":"Servidor corriendo en puerto 3001","service":"call-analysis-api","timestamp":"2025-08-26 23:22:16.558"}
{"agentId":"xxxxxxxx-xxxx-xxxx-xxxx-xxxxxxxxxxxx","apiKey":"sk-proj-xx...","baseUrl":"https://api.elevenlabs.io/v1","level":"info","message":"ElevenLabs Service initialized with:","service":"call-analysis-api","timestamp":"2025-08-26 23:24:02.183"}
{"level":"info","message":"Servidor corriendo en puerto 3001","service":"call-analysis-api","timestamp":"2025-08-26 23:24:02.435"}
{"agentId":"xxxxxxxx-xxxx-xxxx-xxxx-xxxxxxxxxxxx","apiKey":"sk-proj-xx...","baseUrl":"https://api.elevenlabs.io/v1","level":"info","message":"ElevenLabs Service initialized with:","service":"call-analysis-api","timestamp":"2025-08-26 23:24:14.617"}
{"level":"info","message":"Servidor corriendo en puerto 3001","service":"call-analysis-api","timestamp":"2025-08-26 23:24:14.868"}
{"agentId":"xxxxxxxx-xxxx-xxxx-xxxx-xxxxxxxxxxxx","apiKey":"sk-proj-xx...","baseUrl":"https://api.elevenlabs.io/v1","level":"info","message":"ElevenLabs Service initialized with:","service":"call-analysis-api","timestamp":"2025-08-26 23:24:22.710"}
{"level":"info","message":"Servidor corriendo en puerto 3001","service":"call-analysis-api","timestamp":"2025-08-26 23:24:22.957"}
{"agentId":"xxxxxxxx-xxxx-xxxx-xxxx-xxxxxxxxxxxx","apiKey":"sk-proj-xx...","baseUrl":"https://api.elevenlabs.io/v1","level":"info","message":"ElevenLabs Service initialized with:","service":"call-analysis-api","timestamp":"2025-08-26 23:26:37.280"}
{"level":"info","message":"Servidor corriendo en puerto 3001","service":"call-analysis-api","timestamp":"2025-08-26 23:26:37.529"}
{"agentId":"xxxxxxxx-xxxx-xxxx-xxxx-xxxxxxxxxxxx","apiKey":"sk-proj-xx...","baseUrl":"https://api.elevenlabs.io/v1","level":"info","message":"ElevenLabs Service initialized with:","service":"call-analysis-api","timestamp":"2025-08-26 23:27:41.441"}
{"level":"info","message":"Servidor corriendo en puerto 3001","service":"call-analysis-api","timestamp":"2025-08-26 23:27:41.699"}
{"agentId":"xxxxxxxx-xxxx-xxxx-xxxx-xxxxxxxxxxxx","apiKey":"sk-proj-xx...","baseUrl":"https://api.elevenlabs.io/v1","level":"info","message":"ElevenLabs Service initialized with:","service":"call-analysis-api","timestamp":"2025-08-26 23:29:01.944"}
{"level":"info","message":"Servidor corriendo en puerto 3001","service":"call-analysis-api","timestamp":"2025-08-26 23:29:02.194"}
{"agentId":"xxxxxxxx-xxxx-xxxx-xxxx-xxxxxxxxxxxx","apiKey":"sk-proj-xx...","baseUrl":"https://api.elevenlabs.io/v1","level":"info","message":"ElevenLabs Service initialized with:","service":"call-analysis-api","timestamp":"2025-08-26 23:29:17.304"}
{"level":"info","message":"Servidor corriendo en puerto 3001","service":"call-analysis-api","timestamp":"2025-08-26 23:29:17.534"}
{"agentId":"xxxxxxxx-xxxx-xxxx-xxxx-xxxxxxxxxxxx","apiKey":"sk-proj-xx...","baseUrl":"https://api.elevenlabs.io/v1","level":"info","message":"ElevenLabs Service initialized with:","service":"call-analysis-api","timestamp":"2025-08-26 23:30:14.253"}
{"level":"info","message":"Servidor corriendo en puerto 3001","service":"call-analysis-api","timestamp":"2025-08-26 23:30:14.508"}
{"agentId":"xxxxxxxx-xxxx-xxxx-xxxx-xxxxxxxxxxxx","apiKey":"sk-proj-xx...","baseUrl":"https://api.elevenlabs.io/v1","level":"info","message":"ElevenLabs Service initialized with:","service":"call-analysis-api","timestamp":"2025-08-26 23:32:01.283"}
{"level":"info","message":"Servidor corriendo en puerto 3001","service":"call-analysis-api","timestamp":"2025-08-26 23:32:01.544"}
{"agentId":"xxxxxxxx-xxxx-xxxx-xxxx-xxxxxxxxxxxx","apiKey":"sk-proj-xx...","baseUrl":"https://api.elevenlabs.io/v1","level":"info","message":"ElevenLabs Service initialized with:","service":"call-analysis-api","timestamp":"2025-08-26 23:32:11.630"}
{"level":"info","message":"Servidor corriendo en puerto 3001","service":"call-analysis-api","timestamp":"2025-08-26 23:32:11.883"}
{"agentId":"xxxxxxxx-xxxx-xxxx-xxxx-xxxxxxxxxxxx","apiKey":"sk-proj-xx...","baseUrl":"https://api.elevenlabs.io/v1","level":"info","message":"ElevenLabs Service initialized with:","service":"call-analysis-api","timestamp":"2025-08-26 23:33:25.974"}
{"level":"info","message":"Servidor corriendo en puerto 3001","service":"call-analysis-api","timestamp":"2025-08-26 23:33:26.172"}
{"agentId":"xxxxxxxx-xxxx-xxxx-xxxx-xxxxxxxxxxxx","apiKey":"sk-proj-xx...","baseUrl":"https://api.elevenlabs.io/v1","level":"info","message":"ElevenLabs Service initialized with:","service":"call-analysis-api","timestamp":"2025-08-26 23:35:07.592"}
{"level":"info","message":"Servidor corriendo en puerto 3001","service":"call-analysis-api","timestamp":"2025-08-26 23:35:07.843"}
{"agentId":"xxxxxxxx-xxxx-xxxx-xxxx-xxxxxxxxxxxx","apiKey":"sk-proj-xx...","baseUrl":"https://api.elevenlabs.io/v1","level":"info","message":"ElevenLabs Service initialized with:","service":"call-analysis-api","timestamp":"2025-08-27 08:20:04.020"}
{"level":"info","message":"Servidor corriendo en puerto 3001","service":"call-analysis-api","timestamp":"2025-08-27 08:20:04.373"}
{"agentId":"xxxxxxxx-xxxx-xxxx-xxxx-xxxxxxxxxxxx","apiKey":"sk-proj-xx...","baseUrl":"https://api.elevenlabs.io/v1","level":"info","message":"ElevenLabs Service initialized with:","service":"call-analysis-api","timestamp":"2025-08-27 08:22:28.897"}
{"level":"info","message":"Servidor corriendo en puerto 3001","service":"call-analysis-api","timestamp":"2025-08-27 08:22:29.133"}
{"agentId":"xxxxxxxx-xxxx-xxxx-xxxx-xxxxxxxxxxxx","apiKey":"sk-proj-xx...","baseUrl":"https://api.elevenlabs.io/v1","level":"info","message":"ElevenLabs Service initialized with:","service":"call-analysis-api","timestamp":"2025-08-27 08:28:23.651"}
{"level":"info","message":"Servidor corriendo en puerto 3001","service":"call-analysis-api","timestamp":"2025-08-27 08:28:23.889"}
{"agentId":"xxxxxxxx-xxxx-xxxx-xxxx-xxxxxxxxxxxx","apiKey":"sk-proj-xx...","baseUrl":"https://api.elevenlabs.io/v1","level":"info","message":"ElevenLabs Service initialized with:","service":"call-analysis-api","timestamp":"2025-08-27 08:33:17.234"}
{"level":"info","message":"Servidor corriendo en puerto 3001","service":"call-analysis-api","timestamp":"2025-08-27 08:33:17.509"}
{"agentId":"xxxxxxxx-xxxx-xxxx-xxxx-xxxxxxxxxxxx","apiKey":"sk-proj-xx...","baseUrl":"https://api.elevenlabs.io/v1","level":"info","message":"ElevenLabs Service initialized with:","service":"call-analysis-api","timestamp":"2025-08-27 21:47:04.397"}
{"level":"info","message":"Servidor corriendo en puerto 3001","service":"call-analysis-api","timestamp":"2025-08-27 21:47:04.552"}
{"body":{"endDate":"2025-08-28","startDate":"2025-08-21"},"ip":"::ffff:127.0.0.1","level":"info","message":"POST /api/analysis/analyze-calls","requestId":"7594e8dd-220a-4da5-9f08-69d7bc494092","service":"api","timestamp":"2025-08-27 21:47:29.365","userAgent":"node"}
{"clientIP":"::ffff:127.0.0.1","endDate":"2025-08-28","level":"info","message":"Received analyze-calls request","requestId":"7594e8dd-220a-4da5-9f08-69d7bc494092","service":"api","startDate":"2025-08-21","timestamp":"2025-08-27 21:47:29.366"}
{"level":"info","message":"Starting call retrieval from ElevenLabs","requestId":"7594e8dd-220a-4da5-9f08-69d7bc494092","service":"api","timestamp":"2025-08-27 21:47:29.366"}
{"level":"info","message":"Obteniendo llamadas desde 2025-08-21 hasta 2025-08-28","service":"call-analysis-api","timestamp":"2025-08-27 21:47:29.367"}
{"cursor":null,"headers":{"xi-api-key":"sk-proj-xx..."},"level":"info","message":"Making request to ElevenLabs (paged):","page":1,"params":{"agent_id":"xxxxxxxx-xxxx-xxxx-xxxx-xxxxxxxxxxxx","end_time":1756443599,"page_size":100,"start_time":1755752400},"service":"call-analysis-api","timestamp":"2025-08-27 21:47:29.369","url":"https://api.elevenlabs.io/v1/convai/conversations"}
{"body":{"endDate":"2025-08-28","startDate":"2025-08-21"},"ip":"::ffff:127.0.0.1","level":"info","message":"POST /api/analysis/analyze-calls","requestId":"f6f04ae0-8880-4381-b379-a09187922e98","service":"api","timestamp":"2025-08-27 21:47:29.399","userAgent":"node"}
{"clientIP":"::ffff:127.0.0.1","endDate":"2025-08-28","level":"info","message":"Received analyze-calls request","requestId":"f6f04ae0-8880-4381-b379-a09187922e98","service":"api","startDate":"2025-08-21","timestamp":"2025-08-27 21:47:29.400"}
{"level":"info","message":"Starting call retrieval from ElevenLabs","requestId":"f6f04ae0-8880-4381-b379-a09187922e98","service":"api","timestamp":"2025-08-27 21:47:29.400"}
{"level":"info","message":"Obteniendo llamadas desde 2025-08-21 hasta 2025-08-28","service":"call-analysis-api","timestamp":"2025-08-27 21:47:29.400"}
{"cursor":null,"headers":{"xi-api-key":"sk-proj-xx..."},"level":"info","message":"Making request to ElevenLabs (paged):","page":1,"params":{"agent_id":"xxxxxxxx-xxxx-xxxx-xxxx-xxxxxxxxxxxx","end_time":1756443599,"page_size":100,"start_time":1755752400},"service":"call-analysis-api","timestamp":"2025-08-27 21:47:29.401","url":"https://api.elevenlabs.io/v1/convai/conversations"}
{"code":"ERR_BAD_REQUEST","level":"error","message":"Error completo de Axios: Request failed with status code 401","request":"request object exists","response":{"data":{"detail":{"message":"Invalid API key","status":"invalid_api_key"}},"status":401,"statusText":"Unauthorized"},"service":"call-analysis-api","timestamp":"2025-08-27 21:47:29.881"}
{"data":"{\"detail\":{\"status\":\"invalid_api_key\",\"message\":\"Invalid API key\"}}","level":"error","message":"Error obteniendo llamadas de ElevenLabs: Request failed with status code 401","service":"call-analysis-api","status":401,"statusText":"Unauthorized","timestamp":"2025-08-27 21:47:29.882"}
{"error":"Error al obtener llamadas: Request failed with status code 401","level":"error","message":"Error in analyze-calls endpoint","requestBody":{"endDate":"2025-08-28","startDate":"2025-08-21"},"requestId":"7594e8dd-220a-4da5-9f08-69d7bc494092","service":"api","stack":"Error: Error al obtener llamadas: Request failed with status code 401\n    at ElevenLabsService.getCallsByDateRange (/home/dylan/Documents/all/paradixe/Analysis/backend/src/services/elevenlabsService.js:204:13)\n    at process.processTicksAndRejections (node:internal/process/task_queues:95:5)\n    at async /home/dylan/Documents/all/paradixe/Analysis/backend/src/routes/analysisRoutes.js:62:19","timestamp":"2025-08-27 21:47:29.882"}
{"contentLength":"164","duration":"519ms","level":"info","message":"POST /analyze-calls completed","requestId":"7594e8dd-220a-4da5-9f08-69d7bc494092","service":"api","statusCode":500,"timestamp":"2025-08-27 21:47:29.884"}
{"code":"ERR_BAD_REQUEST","level":"error","message":"Error completo de Axios: Request failed with status code 401","request":"request object exists","response":{"data":{"detail":{"message":"Invalid API key","status":"invalid_api_key"}},"status":401,"statusText":"Unauthorized"},"service":"call-analysis-api","timestamp":"2025-08-27 21:47:29.887"}
{"data":"{\"detail\":{\"status\":\"invalid_api_key\",\"message\":\"Invalid API key\"}}","level":"error","message":"Error obteniendo llamadas de ElevenLabs: Request failed with status code 401","service":"call-analysis-api","status":401,"statusText":"Unauthorized","timestamp":"2025-08-27 21:47:29.887"}
{"error":"Error al obtener llamadas: Request failed with status code 401","level":"error","message":"Error in analyze-calls endpoint","requestBody":{"endDate":"2025-08-28","startDate":"2025-08-21"},"requestId":"f6f04ae0-8880-4381-b379-a09187922e98","service":"api","stack":"Error: Error al obtener llamadas: Request failed with status code 401\n    at ElevenLabsService.getCallsByDateRange (/home/dylan/Documents/all/paradixe/Analysis/backend/src/services/elevenlabsService.js:204:13)\n    at process.processTicksAndRejections (node:internal/process/task_queues:95:5)\n    at async /home/dylan/Documents/all/paradixe/Analysis/backend/src/routes/analysisRoutes.js:62:19","timestamp":"2025-08-27 21:47:29.887"}
{"contentLength":"164","duration":"489ms","level":"info","message":"POST /analyze-calls completed","requestId":"f6f04ae0-8880-4381-b379-a09187922e98","service":"api","statusCode":500,"timestamp":"2025-08-27 21:47:29.888"}
{"ip":"::ffff:127.0.0.1","level":"info","message":"GET /api/calls/date-range","requestId":"b7e13734-9f7b-4c08-970c-5b1e180fa353","service":"api","timestamp":"2025-08-27 21:47:35.277","userAgent":"node"}
{"level":"info","message":"Solicitando llamadas desde 2025-08-21 hasta 2025-08-28","service":"call-analysis-api","timestamp":"2025-08-27 21:47:35.278"}
{"level":"info","message":"Obteniendo llamadas desde 2025-08-21 hasta 2025-08-28","service":"call-analysis-api","timestamp":"2025-08-27 21:47:35.278"}
{"cursor":null,"headers":{"xi-api-key":"sk-proj-xx..."},"level":"info","message":"Making request to ElevenLabs (paged):","page":1,"params":{"agent_id":"xxxxxxxx-xxxx-xxxx-xxxx-xxxxxxxxxxxx","end_time":1756443599,"page_size":100,"start_time":1755752400},"service":"call-analysis-api","timestamp":"2025-08-27 21:47:35.278","url":"https://api.elevenlabs.io/v1/convai/conversations"}
{"code":"ERR_BAD_REQUEST","level":"error","message":"Error completo de Axios: Request failed with status code 401","request":"request object exists","response":{"data":{"detail":{"message":"Invalid API key","status":"invalid_api_key"}},"status":401,"statusText":"Unauthorized"},"service":"call-analysis-api","timestamp":"2025-08-27 21:47:36.339"}
{"data":"{\"detail\":{\"status\":\"invalid_api_key\",\"message\":\"Invalid API key\"}}","level":"error","message":"Error obteniendo llamadas de ElevenLabs: Request failed with status code 401","service":"call-analysis-api","status":401,"statusText":"Unauthorized","timestamp":"2025-08-27 21:47:36.340"}
{"level":"error","message":"Error obteniendo llamadas por rango de fechas: Error al obtener llamadas: Request failed with status code 401","service":"call-analysis-api","stack":"Error: Error al obtener llamadas: Request failed with status code 401\n    at ElevenLabsService.getCallsByDateRange (/home/dylan/Documents/all/paradixe/Analysis/backend/src/services/elevenlabsService.js:204:13)\n    at process.processTicksAndRejections (node:internal/process/task_queues:95:5)\n    at async /home/dylan/Documents/all/paradixe/Analysis/backend/src/routes/callRoutes.js:39:19","timestamp":"2025-08-27 21:47:36.340"}
{"contentLength":"113","duration":"1063ms","level":"info","message":"GET /date-range completed","requestId":"b7e13734-9f7b-4c08-970c-5b1e180fa353","service":"api","statusCode":500,"timestamp":"2025-08-27 21:47:36.340"}
{"ip":"::ffff:127.0.0.1","level":"info","message":"GET /api/calls/date-range","requestId":"2a37f9ed-d2ac-40b7-a55a-1f1d03b5479d","service":"api","timestamp":"2025-08-27 21:47:36.354","userAgent":"node"}
{"level":"info","message":"Solicitando llamadas desde 2025-08-21 hasta 2025-08-28","service":"call-analysis-api","timestamp":"2025-08-27 21:47:36.354"}
{"level":"info","message":"Obteniendo llamadas desde 2025-08-21 hasta 2025-08-28","service":"call-analysis-api","timestamp":"2025-08-27 21:47:36.354"}
{"cursor":null,"headers":{"xi-api-key":"sk-proj-xx..."},"level":"info","message":"Making request to ElevenLabs (paged):","page":1,"params":{"agent_id":"xxxxxxxx-xxxx-xxxx-xxxx-xxxxxxxxxxxx","end_time":1756443599,"page_size":100,"start_time":1755752400},"service":"call-analysis-api","timestamp":"2025-08-27 21:47:36.354","url":"https://api.elevenlabs.io/v1/convai/conversations"}
{"code":"ERR_BAD_REQUEST","level":"error","message":"Error completo de Axios: Request failed with status code 401","request":"request object exists","response":{"data":{"detail":{"message":"Invalid API key","status":"invalid_api_key"}},"status":401,"statusText":"Unauthorized"},"service":"call-analysis-api","timestamp":"2025-08-27 21:47:42.313"}
{"data":"{\"detail\":{\"status\":\"invalid_api_key\",\"message\":\"Invalid API key\"}}","level":"error","message":"Error obteniendo llamadas de ElevenLabs: Request failed with status code 401","service":"call-analysis-api","status":401,"statusText":"Unauthorized","timestamp":"2025-08-27 21:47:42.314"}
{"level":"error","message":"Error obteniendo llamadas por rango de fechas: Error al obtener llamadas: Request failed with status code 401","service":"call-analysis-api","stack":"Error: Error al obtener llamadas: Request failed with status code 401\n    at ElevenLabsService.getCallsByDateRange (/home/dylan/Documents/all/paradixe/Analysis/backend/src/services/elevenlabsService.js:204:13)\n    at process.processTicksAndRejections (node:internal/process/task_queues:95:5)\n    at async /home/dylan/Documents/all/paradixe/Analysis/backend/src/routes/callRoutes.js:39:19","timestamp":"2025-08-27 21:47:42.315"}
{"contentLength":"113","duration":"5962ms","level":"info","message":"GET /date-range completed","requestId":"2a37f9ed-d2ac-40b7-a55a-1f1d03b5479d","service":"api","statusCode":500,"timestamp":"2025-08-27 21:47:42.317"}
{"body":{"endDate":"2025-08-28","startDate":"2025-08-21"},"ip":"::ffff:127.0.0.1","level":"info","message":"POST /api/analysis/analyze-calls","requestId":"e779d190-b6e9-44dc-911a-002ef0a81ec0","service":"api","timestamp":"2025-08-27 21:48:59.903","userAgent":"node"}
{"clientIP":"::ffff:127.0.0.1","endDate":"2025-08-28","level":"info","message":"Received analyze-calls request","requestId":"e779d190-b6e9-44dc-911a-002ef0a81ec0","service":"api","startDate":"2025-08-21","timestamp":"2025-08-27 21:48:59.904"}
{"level":"info","message":"Starting call retrieval from ElevenLabs","requestId":"e779d190-b6e9-44dc-911a-002ef0a81ec0","service":"api","timestamp":"2025-08-27 21:48:59.904"}
{"level":"info","message":"Obteniendo llamadas desde 2025-08-21 hasta 2025-08-28","service":"call-analysis-api","timestamp":"2025-08-27 21:48:59.904"}
{"cursor":null,"headers":{"xi-api-key":"sk-proj-xx..."},"level":"info","message":"Making request to ElevenLabs (paged):","page":1,"params":{"agent_id":"xxxxxxxx-xxxx-xxxx-xxxx-xxxxxxxxxxxx","end_time":1756443599,"page_size":100,"start_time":1755752400},"service":"call-analysis-api","timestamp":"2025-08-27 21:48:59.904","url":"https://api.elevenlabs.io/v1/convai/conversations"}
{"body":{"endDate":"2025-08-28","startDate":"2025-08-21"},"ip":"::ffff:127.0.0.1","level":"info","message":"POST /api/analysis/analyze-calls","requestId":"a3ea07d9-432c-4487-9bf9-fb780149bda3","service":"api","timestamp":"2025-08-27 21:48:59.909","userAgent":"node"}
{"clientIP":"::ffff:127.0.0.1","endDate":"2025-08-28","level":"info","message":"Received analyze-calls request","requestId":"a3ea07d9-432c-4487-9bf9-fb780149bda3","service":"api","startDate":"2025-08-21","timestamp":"2025-08-27 21:48:59.909"}
{"level":"info","message":"Starting call retrieval from ElevenLabs","requestId":"a3ea07d9-432c-4487-9bf9-fb780149bda3","service":"api","timestamp":"2025-08-27 21:48:59.909"}
{"level":"info","message":"Obteniendo llamadas desde 2025-08-21 hasta 2025-08-28","service":"call-analysis-api","timestamp":"2025-08-27 21:48:59.910"}
{"cursor":null,"headers":{"xi-api-key":"sk-proj-xx..."},"level":"info","message":"Making request to ElevenLabs (paged):","page":1,"params":{"agent_id":"xxxxxxxx-xxxx-xxxx-xxxx-xxxxxxxxxxxx","end_time":1756443599,"page_size":100,"start_time":1755752400},"service":"call-analysis-api","timestamp":"2025-08-27 21:48:59.910","url":"https://api.elevenlabs.io/v1/convai/conversations"}
{"code":"ERR_BAD_REQUEST","level":"error","message":"Error completo de Axios: Request failed with status code 401","request":"request object exists","response":{"data":{"detail":{"message":"Invalid API key","status":"invalid_api_key"}},"status":401,"statusText":"Unauthorized"},"service":"call-analysis-api","timestamp":"2025-08-27 21:49:01.224"}
{"data":"{\"detail\":{\"status\":\"invalid_api_key\",\"message\":\"Invalid API key\"}}","level":"error","message":"Error obteniendo llamadas de ElevenLabs: Request failed with status code 401","service":"call-analysis-api","status":401,"statusText":"Unauthorized","timestamp":"2025-08-27 21:49:01.225"}
{"error":"Error al obtener llamadas: Request failed with status code 401","level":"error","message":"Error in analyze-calls endpoint","requestBody":{"endDate":"2025-08-28","startDate":"2025-08-21"},"requestId":"e779d190-b6e9-44dc-911a-002ef0a81ec0","service":"api","stack":"Error: Error al obtener llamadas: Request failed with status code 401\n    at ElevenLabsService.getCallsByDateRange (/home/dylan/Documents/all/paradixe/Analysis/backend/src/services/elevenlabsService.js:204:13)\n    at process.processTicksAndRejections (node:internal/process/task_queues:95:5)\n    at async /home/dylan/Documents/all/paradixe/Analysis/backend/src/routes/analysisRoutes.js:62:19","timestamp":"2025-08-27 21:49:01.225"}
{"contentLength":"164","duration":"1323ms","level":"info","message":"POST /analyze-calls completed","requestId":"e779d190-b6e9-44dc-911a-002ef0a81ec0","service":"api","statusCode":500,"timestamp":"2025-08-27 21:49:01.226"}
{"code":"ERR_BAD_REQUEST","level":"error","message":"Error completo de Axios: Request failed with status code 401","request":"request object exists","response":{"data":{"detail":{"message":"Invalid API key","status":"invalid_api_key"}},"status":401,"statusText":"Unauthorized"},"service":"call-analysis-api","timestamp":"2025-08-27 21:49:01.227"}
{"data":"{\"detail\":{\"status\":\"invalid_api_key\",\"message\":\"Invalid API key\"}}","level":"error","message":"Error obteniendo llamadas de ElevenLabs: Request failed with status code 401","service":"call-analysis-api","status":401,"statusText":"Unauthorized","timestamp":"2025-08-27 21:49:01.227"}
{"error":"Error al obtener llamadas: Request failed with status code 401","level":"error","message":"Error in analyze-calls endpoint","requestBody":{"endDate":"2025-08-28","startDate":"2025-08-21"},"requestId":"a3ea07d9-432c-4487-9bf9-fb780149bda3","service":"api","stack":"Error: Error al obtener llamadas: Request failed with status code 401\n    at ElevenLabsService.getCallsByDateRange (/home/dylan/Documents/all/paradixe/Analysis/backend/src/services/elevenlabsService.js:204:13)\n    at process.processTicksAndRejections (node:internal/process/task_queues:95:5)\n    at async /home/dylan/Documents/all/paradixe/Analysis/backend/src/routes/analysisRoutes.js:62:19","timestamp":"2025-08-27 21:49:01.227"}
{"contentLength":"164","duration":"1318ms","level":"info","message":"POST /analyze-calls completed","requestId":"a3ea07d9-432c-4487-9bf9-fb780149bda3","service":"api","statusCode":500,"timestamp":"2025-08-27 21:49:01.227"}
{"ip":"::ffff:127.0.0.1","level":"info","message":"HEAD /api/calls","requestId":"30276987-5041-4733-b723-42176d8e01a9","service":"api","timestamp":"2025-08-27 21:49:22.980","userAgent":"curl/7.81.0"}
{"contentLength":"34","duration":"1ms","level":"info","message":"HEAD / completed","requestId":"30276987-5041-4733-b723-42176d8e01a9","service":"api","statusCode":404,"timestamp":"2025-08-27 21:49:22.981"}
{"ip":"::ffff:127.0.0.1","level":"info","message":"GET /api/calls/date-range","requestId":"2f3002ea-2e2b-4847-9f41-4c70b18a7d08","service":"api","timestamp":"2025-08-27 21:51:41.742","userAgent":"curl/7.81.0"}
{"level":"info","message":"Solicitando llamadas desde 2024-01-01 hasta 2024-01-31","service":"call-analysis-api","timestamp":"2025-08-27 21:51:41.742"}
{"level":"info","message":"Obteniendo llamadas desde 2024-01-01 hasta 2024-01-31","service":"call-analysis-api","timestamp":"2025-08-27 21:51:41.742"}
{"cursor":null,"headers":{"xi-api-key":"sk-proj-xx..."},"level":"info","message":"Making request to ElevenLabs (paged):","page":1,"params":{"agent_id":"xxxxxxxx-xxxx-xxxx-xxxx-xxxxxxxxxxxx","end_time":1706763599,"page_size":100,"start_time":1704085200},"service":"call-analysis-api","timestamp":"2025-08-27 21:51:41.743","url":"https://api.elevenlabs.io/v1/convai/conversations"}
{"code":"ERR_BAD_REQUEST","level":"error","message":"Error completo de Axios: Request failed with status code 401","request":"request object exists","response":{"data":{"detail":{"message":"Invalid API key","status":"invalid_api_key"}},"status":401,"statusText":"Unauthorized"},"service":"call-analysis-api","timestamp":"2025-08-27 21:51:42.904"}
{"data":"{\"detail\":{\"status\":\"invalid_api_key\",\"message\":\"Invalid API key\"}}","level":"error","message":"Error obteniendo llamadas de ElevenLabs: Request failed with status code 401","service":"call-analysis-api","status":401,"statusText":"Unauthorized","timestamp":"2025-08-27 21:51:42.904"}
{"level":"error","message":"Error obteniendo llamadas por rango de fechas: Error al obtener llamadas: Request failed with status code 401","service":"call-analysis-api","stack":"Error: Error al obtener llamadas: Request failed with status code 401\n    at ElevenLabsService.getCallsByDateRange (/home/dylan/Documents/all/paradixe/Analysis/backend/src/services/elevenlabsService.js:204:13)\n    at process.processTicksAndRejections (node:internal/process/task_queues:95:5)\n    at async /home/dylan/Documents/all/paradixe/Analysis/backend/src/routes/callRoutes.js:39:19","timestamp":"2025-08-27 21:51:42.904"}
{"contentLength":"113","duration":"1163ms","level":"info","message":"GET /date-range completed","requestId":"2f3002ea-2e2b-4847-9f41-4c70b18a7d08","service":"api","statusCode":500,"timestamp":"2025-08-27 21:51:42.905"}
{"body":{"endDate":"2025-08-28","startDate":"2025-08-21"},"ip":"::ffff:127.0.0.1","level":"info","message":"POST /analysis/analyze-calls","requestId":"a120eaa3-46c8-4c47-8d4c-480d45c54298","service":"api","timestamp":"2025-08-27 21:52:18.569","userAgent":"node"}
{"contentLength":"34","duration":"2ms","level":"info","message":"POST / completed","requestId":"a120eaa3-46c8-4c47-8d4c-480d45c54298","service":"api","statusCode":404,"timestamp":"2025-08-27 21:52:18.570"}
{"body":{"endDate":"2025-08-28","startDate":"2025-08-21"},"ip":"::ffff:127.0.0.1","level":"info","message":"POST /analysis/analyze-calls","requestId":"63e8ea1d-990d-4b3c-9ab2-70a6bf802bea","service":"api","timestamp":"2025-08-27 21:52:18.572","userAgent":"node"}
{"contentLength":"34","duration":"1ms","level":"info","message":"POST / completed","requestId":"63e8ea1d-990d-4b3c-9ab2-70a6bf802bea","service":"api","statusCode":404,"timestamp":"2025-08-27 21:52:18.573"}
{"body":{"endDate":"2025-08-28","startDate":"2025-08-21"},"ip":"::ffff:127.0.0.1","level":"info","message":"POST /analysis/analyze-calls","requestId":"b73f82fc-624f-4843-9f38-c2792e2c7d11","service":"api","timestamp":"2025-08-27 21:53:46.813","userAgent":"node"}
{"contentLength":"34","duration":"1ms","level":"info","message":"POST / completed","requestId":"b73f82fc-624f-4843-9f38-c2792e2c7d11","service":"api","statusCode":404,"timestamp":"2025-08-27 21:53:46.814"}
{"body":{"endDate":"2025-08-28","startDate":"2025-08-21"},"ip":"::ffff:127.0.0.1","level":"info","message":"POST /analysis/analyze-calls","requestId":"90688b06-9537-44c2-ac93-3bc0dc4740ec","service":"api","timestamp":"2025-08-27 21:53:46.815","userAgent":"node"}
{"contentLength":"34","duration":"1ms","level":"info","message":"POST / completed","requestId":"90688b06-9537-44c2-ac93-3bc0dc4740ec","service":"api","statusCode":404,"timestamp":"2025-08-27 21:53:46.816"}
{"body":{"endDate":"2025-08-28","startDate":"2025-08-21"},"ip":"::ffff:127.0.0.1","level":"info","message":"POST /analysis/analyze-calls","requestId":"eadaf358-4493-463b-86a7-9898a0ac1176","service":"api","timestamp":"2025-08-27 21:58:05.386","userAgent":"node"}
{"contentLength":"34","duration":"0ms","level":"info","message":"POST / completed","requestId":"eadaf358-4493-463b-86a7-9898a0ac1176","service":"api","statusCode":404,"timestamp":"2025-08-27 21:58:05.386"}
{"body":{"endDate":"2025-08-28","startDate":"2025-08-21"},"ip":"::ffff:127.0.0.1","level":"info","message":"POST /analysis/analyze-calls","requestId":"a4fab287-aa37-41e5-83a7-7d585109f460","service":"api","timestamp":"2025-08-27 21:58:05.387","userAgent":"node"}
{"contentLength":"34","duration":"0ms","level":"info","message":"POST / completed","requestId":"a4fab287-aa37-41e5-83a7-7d585109f460","service":"api","statusCode":404,"timestamp":"2025-08-27 21:58:05.387"}
{"body":{"endDate":"2025-08-28","startDate":"2025-08-21"},"ip":"::ffff:127.0.0.1","level":"info","message":"POST /analysis/analyze-calls","requestId":"701a2e17-77f0-406b-92dc-1cfdfe6ff0f9","service":"api","timestamp":"2025-08-27 21:58:53.283","userAgent":"node"}
{"contentLength":"34","duration":"1ms","level":"info","message":"POST / completed","requestId":"701a2e17-77f0-406b-92dc-1cfdfe6ff0f9","service":"api","statusCode":404,"timestamp":"2025-08-27 21:58:53.284"}
{"body":{"endDate":"2025-08-28","startDate":"2025-08-21"},"ip":"::ffff:127.0.0.1","level":"info","message":"POST /analysis/analyze-calls","requestId":"03525a73-1b91-4abc-a80e-73d3c1509c10","service":"api","timestamp":"2025-08-27 21:58:53.285","userAgent":"node"}
{"contentLength":"34","duration":"0ms","level":"info","message":"POST / completed","requestId":"03525a73-1b91-4abc-a80e-73d3c1509c10","service":"api","statusCode":404,"timestamp":"2025-08-27 21:58:53.285"}
{"ip":"::ffff:127.0.0.1","level":"info","message":"GET /calls/date-range","requestId":"1b1a1070-ae0d-4567-a21a-3b03e111de3b","service":"api","timestamp":"2025-08-27 21:59:03.737","userAgent":"node"}
{"contentLength":"34","duration":"0ms","level":"info","message":"GET / completed","requestId":"1b1a1070-ae0d-4567-a21a-3b03e111de3b","service":"api","statusCode":404,"timestamp":"2025-08-27 21:59:03.737"}
{"ip":"::ffff:127.0.0.1","level":"info","message":"GET /calls/date-range","requestId":"33038128-75c1-41e1-8fbb-0cbc70d64aba","service":"api","timestamp":"2025-08-27 21:59:03.738","userAgent":"node"}
{"contentLength":"34","duration":"0ms","level":"info","message":"GET / completed","requestId":"33038128-75c1-41e1-8fbb-0cbc70d64aba","service":"api","statusCode":404,"timestamp":"2025-08-27 21:59:03.738"}
{"ip":"::ffff:127.0.0.1","level":"info","message":"GET /calls/date-range","requestId":"99113710-c3af-458e-9279-6b3a21930ee5","service":"api","timestamp":"2025-08-27 21:59:05.146","userAgent":"node"}
{"contentLength":"34","duration":"1ms","level":"info","message":"GET / completed","requestId":"99113710-c3af-458e-9279-6b3a21930ee5","service":"api","statusCode":404,"timestamp":"2025-08-27 21:59:05.147"}
{"ip":"::ffff:127.0.0.1","level":"info","message":"GET /calls/date-range","requestId":"9bcd9c42-3fc3-4cae-902f-113f8f3eb53b","service":"api","timestamp":"2025-08-27 21:59:06.033","userAgent":"node"}
{"contentLength":"34","duration":"1ms","level":"info","message":"GET / completed","requestId":"9bcd9c42-3fc3-4cae-902f-113f8f3eb53b","service":"api","statusCode":404,"timestamp":"2025-08-27 21:59:06.034"}
{"ip":"::ffff:127.0.0.1","level":"info","message":"GET /calls/date-range","requestId":"668dbd6d-6cbd-4c70-857f-c7e3574f3082","service":"api","timestamp":"2025-08-27 21:59:06.324","userAgent":"node"}
{"contentLength":"34","duration":"1ms","level":"info","message":"GET / completed","requestId":"668dbd6d-6cbd-4c70-857f-c7e3574f3082","service":"api","statusCode":404,"timestamp":"2025-08-27 21:59:06.325"}
{"ip":"::ffff:127.0.0.1","level":"info","message":"GET /calls/date-range","requestId":"88b873af-8352-4607-a912-c9daa602aa19","service":"api","timestamp":"2025-08-27 21:59:06.610","userAgent":"node"}
{"contentLength":"34","duration":"1ms","level":"info","message":"GET / completed","requestId":"88b873af-8352-4607-a912-c9daa602aa19","service":"api","statusCode":404,"timestamp":"2025-08-27 21:59:06.611"}
{"ip":"::ffff:127.0.0.1","level":"info","message":"GET /calls/date-range","requestId":"a7a618d6-e898-45ef-be10-9fbfd8889176","service":"api","timestamp":"2025-08-27 21:59:06.895","userAgent":"node"}
{"contentLength":"34","duration":"1ms","level":"info","message":"GET / completed","requestId":"a7a618d6-e898-45ef-be10-9fbfd8889176","service":"api","statusCode":404,"timestamp":"2025-08-27 21:59:06.896"}
{"ip":"::ffff:127.0.0.1","level":"info","message":"GET /calls/date-range","requestId":"a9b70f6e-8380-4c8b-a3ef-b98252dcb365","service":"api","timestamp":"2025-08-27 21:59:07.186","userAgent":"node"}
{"contentLength":"34","duration":"1ms","level":"info","message":"GET / completed","requestId":"a9b70f6e-8380-4c8b-a3ef-b98252dcb365","service":"api","statusCode":404,"timestamp":"2025-08-27 21:59:07.187"}
{"body":{"endDate":"2025-08-28","startDate":"2025-08-21"},"ip":"::ffff:127.0.0.1","level":"info","message":"POST /analysis/analyze-calls","requestId":"a62e5195-21ad-48d0-878a-00b3556f7078","service":"api","timestamp":"2025-08-27 22:05:59.595","userAgent":"node"}
{"contentLength":"34","duration":"0ms","level":"info","message":"POST / completed","requestId":"a62e5195-21ad-48d0-878a-00b3556f7078","service":"api","statusCode":404,"timestamp":"2025-08-27 22:05:59.595"}
{"body":{"endDate":"2025-08-28","startDate":"2025-08-21"},"ip":"::ffff:127.0.0.1","level":"info","message":"POST /analysis/analyze-calls","requestId":"f6ead169-f906-4aba-828f-d0ec636254ea","service":"api","timestamp":"2025-08-27 22:05:59.596","userAgent":"node"}
{"contentLength":"34","duration":"0ms","level":"info","message":"POST / completed","requestId":"f6ead169-f906-4aba-828f-d0ec636254ea","service":"api","statusCode":404,"timestamp":"2025-08-27 22:05:59.596"}
{"ip":"::ffff:127.0.0.1","level":"info","message":"GET /calls/date-range","requestId":"47e6539b-e30d-46be-bdde-b0828ec700b5","service":"api","timestamp":"2025-08-27 22:06:01.809","userAgent":"node"}
{"contentLength":"34","duration":"0ms","level":"info","message":"GET / completed","requestId":"47e6539b-e30d-46be-bdde-b0828ec700b5","service":"api","statusCode":404,"timestamp":"2025-08-27 22:06:01.809"}
{"ip":"::ffff:127.0.0.1","level":"info","message":"GET /calls/date-range","requestId":"8fdf2fb5-19c1-4d43-8491-1867b8896316","service":"api","timestamp":"2025-08-27 22:06:01.810","userAgent":"node"}
{"contentLength":"34","duration":"0ms","level":"info","message":"GET / completed","requestId":"8fdf2fb5-19c1-4d43-8491-1867b8896316","service":"api","statusCode":404,"timestamp":"2025-08-27 22:06:01.810"}
{"body":{"endDate":"2025-08-28","startDate":"2025-08-21"},"ip":"::ffff:127.0.0.1","level":"info","message":"POST /analysis/analyze-calls","requestId":"6c94ee61-9fe5-4397-9bc9-32797f6a1a20","service":"api","timestamp":"2025-08-27 22:06:03.850","userAgent":"node"}
{"contentLength":"34","duration":"0ms","level":"info","message":"POST / completed","requestId":"6c94ee61-9fe5-4397-9bc9-32797f6a1a20","service":"api","statusCode":404,"timestamp":"2025-08-27 22:06:03.851"}
{"body":{"endDate":"2025-08-28","startDate":"2025-08-21"},"ip":"::ffff:127.0.0.1","level":"info","message":"POST /analysis/analyze-calls","requestId":"2117f126-99a5-454a-b1d1-85175965844f","service":"api","timestamp":"2025-08-27 22:06:03.851","userAgent":"node"}
{"contentLength":"34","duration":"1ms","level":"info","message":"POST / completed","requestId":"2117f126-99a5-454a-b1d1-85175965844f","service":"api","statusCode":404,"timestamp":"2025-08-27 22:06:03.852"}
{"body":{"endDate":"2025-08-28","startDate":"2025-08-21"},"ip":"::ffff:127.0.0.1","level":"info","message":"POST /analysis/analyze-calls","requestId":"f9040bb2-cf8d-436b-84c9-7b7a521e7397","service":"api","timestamp":"2025-08-27 22:06:28.021","userAgent":"node"}
{"contentLength":"34","duration":"1ms","level":"info","message":"POST / completed","requestId":"f9040bb2-cf8d-436b-84c9-7b7a521e7397","service":"api","statusCode":404,"timestamp":"2025-08-27 22:06:28.022"}
{"body":{"endDate":"2025-08-28","startDate":"2025-08-21"},"ip":"::ffff:127.0.0.1","level":"info","message":"POST /analysis/analyze-calls","requestId":"c04c08e8-bc83-49f6-814c-68b2570fb807","service":"api","timestamp":"2025-08-27 22:06:28.022","userAgent":"node"}
{"contentLength":"34","duration":"1ms","level":"info","message":"POST / completed","requestId":"c04c08e8-bc83-49f6-814c-68b2570fb807","service":"api","statusCode":404,"timestamp":"2025-08-27 22:06:28.023"}
{"body":{"endDate":"2025-08-28","startDate":"2025-08-01"},"ip":"::ffff:127.0.0.1","level":"info","message":"POST /analysis/analyze-calls","requestId":"5500a1c2-be5f-4471-a176-819e89aa47ed","service":"api","timestamp":"2025-08-27 22:07:00.255","userAgent":"node"}
{"contentLength":"34","duration":"0ms","level":"info","message":"POST / completed","requestId":"5500a1c2-be5f-4471-a176-819e89aa47ed","service":"api","statusCode":404,"timestamp":"2025-08-27 22:07:00.255"}
{"body":{"endDate":"2025-07-31","startDate":"2025-07-01"},"ip":"::ffff:127.0.0.1","level":"info","message":"POST /analysis/analyze-calls","requestId":"0fa52e60-8d14-4b15-8e94-9fd7d005c9d6","service":"api","timestamp":"2025-08-27 22:07:02.589","userAgent":"node"}
{"contentLength":"34","duration":"1ms","level":"info","message":"POST / completed","requestId":"0fa52e60-8d14-4b15-8e94-9fd7d005c9d6","service":"api","statusCode":404,"timestamp":"2025-08-27 22:07:02.590"}
{"body":{"endDate":"2025-08-28","startDate":"2025-08-21"},"ip":"::ffff:127.0.0.1","level":"info","message":"POST /analysis/analyze-calls","requestId":"ce26e198-aa83-43a5-94b2-0cdaefd75445","service":"api","timestamp":"2025-08-27 22:07:10.323","userAgent":"node"}
{"contentLength":"34","duration":"1ms","level":"info","message":"POST / completed","requestId":"ce26e198-aa83-43a5-94b2-0cdaefd75445","service":"api","statusCode":404,"timestamp":"2025-08-27 22:07:10.324"}
{"body":{"endDate":"2025-08-28","startDate":"2025-08-21"},"ip":"::ffff:127.0.0.1","level":"info","message":"POST /analysis/analyze-calls","requestId":"1f6b6f0e-de30-465e-8343-eea1060adf12","service":"api","timestamp":"2025-08-27 22:07:10.332","userAgent":"node"}
{"contentLength":"34","duration":"1ms","level":"info","message":"POST / completed","requestId":"1f6b6f0e-de30-465e-8343-eea1060adf12","service":"api","statusCode":404,"timestamp":"2025-08-27 22:07:10.333"}
{"body":{"endDate":"2025-08-28","startDate":"2025-08-21"},"ip":"::ffff:127.0.0.1","level":"info","message":"POST /analysis/analyze-calls","requestId":"ba3a837f-47a9-4037-8784-3567c4d838c8","service":"api","timestamp":"2025-08-27 22:07:13.437","userAgent":"node"}
{"contentLength":"34","duration":"1ms","level":"info","message":"POST / completed","requestId":"ba3a837f-47a9-4037-8784-3567c4d838c8","service":"api","statusCode":404,"timestamp":"2025-08-27 22:07:13.438"}
{"body":{"endDate":"2025-08-28","startDate":"2025-08-21"},"ip":"::ffff:127.0.0.1","level":"info","message":"POST /analysis/analyze-calls","requestId":"f20bb85d-dbd0-40c7-b83f-b51ef4a2aa67","service":"api","timestamp":"2025-08-27 22:07:13.448","userAgent":"node"}
{"contentLength":"34","duration":"1ms","level":"info","message":"POST / completed","requestId":"f20bb85d-dbd0-40c7-b83f-b51ef4a2aa67","service":"api","statusCode":404,"timestamp":"2025-08-27 22:07:13.449"}
{"body":{"endDate":"2025-08-28","startDate":"2025-08-21"},"ip":"::ffff:127.0.0.1","level":"info","message":"POST /analysis/analyze-calls","requestId":"599487aa-f017-49b9-b7e4-d59fc25a13ab","service":"api","timestamp":"2025-08-27 22:11:27.719","userAgent":"node"}
{"contentLength":"34","duration":"1ms","level":"info","message":"POST / completed","requestId":"599487aa-f017-49b9-b7e4-d59fc25a13ab","service":"api","statusCode":404,"timestamp":"2025-08-27 22:11:27.720"}
{"body":{"endDate":"2025-08-28","startDate":"2025-08-21"},"ip":"::ffff:127.0.0.1","level":"info","message":"POST /analysis/analyze-calls","requestId":"09d89a47-fc89-4922-8b0a-832f6cef0982","service":"api","timestamp":"2025-08-27 22:11:27.721","userAgent":"node"}
{"contentLength":"34","duration":"1ms","level":"info","message":"POST / completed","requestId":"09d89a47-fc89-4922-8b0a-832f6cef0982","service":"api","statusCode":404,"timestamp":"2025-08-27 22:11:27.722"}
{"ip":"::ffff:127.0.0.1","level":"info","message":"GET /calls/date-range","requestId":"a63b13b8-8ae8-4cd1-8fc8-7514eb3d716d","service":"api","timestamp":"2025-08-27 22:11:27.723","userAgent":"node"}
{"contentLength":"34","duration":"0ms","level":"info","message":"GET / completed","requestId":"a63b13b8-8ae8-4cd1-8fc8-7514eb3d716d","service":"api","statusCode":404,"timestamp":"2025-08-27 22:11:27.723"}
{"ip":"::ffff:127.0.0.1","level":"info","message":"GET /calls/date-range","requestId":"8ed7267e-4cd0-4c3d-8327-d177d9c19677","service":"api","timestamp":"2025-08-27 22:11:27.723","userAgent":"node"}
{"contentLength":"34","duration":"1ms","level":"info","message":"GET / completed","requestId":"8ed7267e-4cd0-4c3d-8327-d177d9c19677","service":"api","statusCode":404,"timestamp":"2025-08-27 22:11:27.724"}
{"body":{"endDate":"2025-08-28","startDate":"2025-08-21"},"ip":"::ffff:127.0.0.1","level":"info","message":"POST /analysis/analyze-calls","requestId":"4ef09afe-e5bf-4112-b9d9-09e5036968c2","service":"api","timestamp":"2025-08-27 22:11:41.815","userAgent":"node"}
{"contentLength":"34","duration":"1ms","level":"info","message":"POST / completed","requestId":"4ef09afe-e5bf-4112-b9d9-09e5036968c2","service":"api","statusCode":404,"timestamp":"2025-08-27 22:11:41.816"}
{"ip":"::ffff:127.0.0.1","level":"info","message":"GET /calls/date-range","requestId":"6c9ccf43-663b-424f-9462-c60c60a99d95","service":"api","timestamp":"2025-08-27 22:11:41.823","userAgent":"node"}
{"contentLength":"34","duration":"1ms","level":"info","message":"GET / completed","requestId":"6c9ccf43-663b-424f-9462-c60c60a99d95","service":"api","statusCode":404,"timestamp":"2025-08-27 22:11:41.824"}
{"ip":"::ffff:127.0.0.1","level":"info","message":"GET /calls/date-range","requestId":"9f2181d4-b98c-4110-ad83-e4c9906c7c1e","service":"api","timestamp":"2025-08-27 22:11:41.825","userAgent":"node"}
{"contentLength":"34","duration":"0ms","level":"info","message":"GET / completed","requestId":"9f2181d4-b98c-4110-ad83-e4c9906c7c1e","service":"api","statusCode":404,"timestamp":"2025-08-27 22:11:41.825"}
{"body":{"endDate":"2025-08-28","startDate":"2025-08-21"},"ip":"::ffff:127.0.0.1","level":"info","message":"POST /analysis/analyze-calls","requestId":"b87d731b-630d-4be4-8dd1-b0f61aa8757c","service":"api","timestamp":"2025-08-27 22:11:41.829","userAgent":"node"}
{"contentLength":"34","duration":"1ms","level":"info","message":"POST / completed","requestId":"b87d731b-630d-4be4-8dd1-b0f61aa8757c","service":"api","statusCode":404,"timestamp":"2025-08-27 22:11:41.830"}
{"body":{"endDate":"2025-08-28","startDate":"2025-08-21"},"ip":"::ffff:127.0.0.1","level":"info","message":"POST /analysis/analyze-calls","requestId":"d4957791-f65e-4dfa-afc5-6a497120729a","service":"api","timestamp":"2025-08-27 22:13:10.141","userAgent":"node"}
{"contentLength":"34","duration":"1ms","level":"info","message":"POST / completed","requestId":"d4957791-f65e-4dfa-afc5-6a497120729a","service":"api","statusCode":404,"timestamp":"2025-08-27 22:13:10.142"}
{"ip":"::ffff:127.0.0.1","level":"info","message":"GET /calls/date-range","requestId":"0f132595-e28a-4ea6-9636-45aeff033092","service":"api","timestamp":"2025-08-27 22:13:10.151","userAgent":"node"}
{"contentLength":"34","duration":"1ms","level":"info","message":"GET / completed","requestId":"0f132595-e28a-4ea6-9636-45aeff033092","service":"api","statusCode":404,"timestamp":"2025-08-27 22:13:10.152"}
{"body":{"endDate":"2025-08-28","startDate":"2025-08-21"},"ip":"::ffff:127.0.0.1","level":"info","message":"POST /analysis/analyze-calls","requestId":"e1b6187a-2534-4c06-8911-14efb653c587","service":"api","timestamp":"2025-08-27 22:13:13.097","userAgent":"node"}
{"contentLength":"34","duration":"1ms","level":"info","message":"POST / completed","requestId":"e1b6187a-2534-4c06-8911-14efb653c587","service":"api","statusCode":404,"timestamp":"2025-08-27 22:13:13.098"}
{"body":{"endDate":"2025-08-28","startDate":"2025-08-21"},"ip":"::ffff:127.0.0.1","level":"info","message":"POST /analysis/analyze-calls","requestId":"69f5bb37-8ba2-4821-b9e7-554728d4f3e9","service":"api","timestamp":"2025-08-27 22:13:13.099","userAgent":"node"}
{"contentLength":"34","duration":"0ms","level":"info","message":"POST / completed","requestId":"69f5bb37-8ba2-4821-b9e7-554728d4f3e9","service":"api","statusCode":404,"timestamp":"2025-08-27 22:13:13.099"}
{"ip":"::ffff:127.0.0.1","level":"info","message":"GET /calls/date-range","requestId":"a310cac8-f932-4ce8-b3ca-7615634dc18b","service":"api","timestamp":"2025-08-27 22:13:13.106","userAgent":"node"}
{"contentLength":"34","duration":"0ms","level":"info","message":"GET / completed","requestId":"a310cac8-f932-4ce8-b3ca-7615634dc18b","service":"api","statusCode":404,"timestamp":"2025-08-27 22:13:13.106"}
{"ip":"::ffff:127.0.0.1","level":"info","message":"GET /calls/date-range","requestId":"d3830e6e-55b9-4d89-b619-22927c88a710","service":"api","timestamp":"2025-08-27 22:13:13.107","userAgent":"node"}
{"contentLength":"34","duration":"1ms","level":"info","message":"GET / completed","requestId":"d3830e6e-55b9-4d89-b619-22927c88a710","service":"api","statusCode":404,"timestamp":"2025-08-27 22:13:13.108"}
{"body":{"endDate":"2025-08-28","startDate":"2025-08-21"},"ip":"::ffff:127.0.0.1","level":"info","message":"POST /analysis/analyze-calls","requestId":"28a0d7bb-9be7-48d6-89e1-a4397a9471cc","service":"api","timestamp":"2025-08-27 22:13:43.122","userAgent":"node"}
{"contentLength":"34","duration":"1ms","level":"info","message":"POST / completed","requestId":"28a0d7bb-9be7-48d6-89e1-a4397a9471cc","service":"api","statusCode":404,"timestamp":"2025-08-27 22:13:43.122"}
{"body":{"endDate":"2025-08-28","startDate":"2025-08-21"},"ip":"::ffff:127.0.0.1","level":"info","message":"POST /analysis/analyze-calls","requestId":"dcead556-ac08-45da-9891-26acbc0ec851","service":"api","timestamp":"2025-08-27 22:13:43.123","userAgent":"node"}
{"contentLength":"34","duration":"0ms","level":"info","message":"POST / completed","requestId":"dcead556-ac08-45da-9891-26acbc0ec851","service":"api","statusCode":404,"timestamp":"2025-08-27 22:13:43.123"}
{"ip":"::ffff:127.0.0.1","level":"info","message":"GET /calls/date-range","requestId":"a2fce6aa-6717-4f3d-9b1a-528c4632a049","service":"api","timestamp":"2025-08-27 22:13:43.134","userAgent":"node"}
{"contentLength":"34","duration":"1ms","level":"info","message":"GET / completed","requestId":"a2fce6aa-6717-4f3d-9b1a-528c4632a049","service":"api","statusCode":404,"timestamp":"2025-08-27 22:13:43.135"}
{"ip":"::ffff:127.0.0.1","level":"info","message":"GET /calls/date-range","requestId":"e2088e82-2829-4ece-bfee-51116046d907","service":"api","timestamp":"2025-08-27 22:13:43.135","userAgent":"node"}
{"contentLength":"34","duration":"0ms","level":"info","message":"GET / completed","requestId":"e2088e82-2829-4ece-bfee-51116046d907","service":"api","statusCode":404,"timestamp":"2025-08-27 22:13:43.135"}
{"ip":"::ffff:127.0.0.1","level":"info","message":"GET /calls/date-range","requestId":"e1a41198-05a6-4af0-85ae-fc46251549ff","service":"api","timestamp":"2025-08-27 22:16:56.818","userAgent":"node"}
{"contentLength":"34","duration":"0ms","level":"info","message":"GET / completed","requestId":"e1a41198-05a6-4af0-85ae-fc46251549ff","service":"api","statusCode":404,"timestamp":"2025-08-27 22:16:56.818"}
{"body":{"endDate":"2025-07-31","startDate":"2025-07-01"},"ip":"::ffff:127.0.0.1","level":"info","message":"POST /analysis/analyze-calls","requestId":"85439dc9-91f3-46f6-8a50-ef26772ba19b","service":"api","timestamp":"2025-08-27 22:16:56.819","userAgent":"node"}
{"contentLength":"34","duration":"0ms","level":"info","message":"POST / completed","requestId":"85439dc9-91f3-46f6-8a50-ef26772ba19b","service":"api","statusCode":404,"timestamp":"2025-08-27 22:16:56.819"}
{"body":{"endDate":"2025-08-28","startDate":"2025-08-21"},"ip":"::ffff:127.0.0.1","level":"info","message":"POST /analysis/analyze-calls","requestId":"b7a873a4-0e02-433d-b3dd-5e8e3fd0fc70","service":"api","timestamp":"2025-08-27 22:21:43.794","userAgent":"node"}
{"contentLength":"34","duration":"0ms","level":"info","message":"POST / completed","requestId":"b7a873a4-0e02-433d-b3dd-5e8e3fd0fc70","service":"api","statusCode":404,"timestamp":"2025-08-27 22:21:43.794"}
{"body":{"endDate":"2025-08-28","startDate":"2025-08-21"},"ip":"::ffff:127.0.0.1","level":"info","message":"POST /analysis/analyze-calls","requestId":"c085b26c-3c8c-4395-82ef-7c6e56b59890","service":"api","timestamp":"2025-08-27 22:21:43.795","userAgent":"node"}
{"contentLength":"34","duration":"0ms","level":"info","message":"POST / completed","requestId":"c085b26c-3c8c-4395-82ef-7c6e56b59890","service":"api","statusCode":404,"timestamp":"2025-08-27 22:21:43.795"}
{"ip":"::ffff:127.0.0.1","level":"info","message":"GET /calls/date-range","requestId":"dfee0e8c-2985-45a9-93d5-8a7d1331488e","service":"api","timestamp":"2025-08-27 22:21:43.796","userAgent":"node"}
{"contentLength":"34","duration":"0ms","level":"info","message":"GET / completed","requestId":"dfee0e8c-2985-45a9-93d5-8a7d1331488e","service":"api","statusCode":404,"timestamp":"2025-08-27 22:21:43.796"}
{"ip":"::ffff:127.0.0.1","level":"info","message":"GET /calls/date-range","requestId":"0f272815-2ef8-4c2b-a75e-a04c936fcbf1","service":"api","timestamp":"2025-08-27 22:21:43.796","userAgent":"node"}
{"contentLength":"34","duration":"1ms","level":"info","message":"GET / completed","requestId":"0f272815-2ef8-4c2b-a75e-a04c936fcbf1","service":"api","statusCode":404,"timestamp":"2025-08-27 22:21:43.797"}
{"body":{"endDate":"2025-08-28","startDate":"2025-08-21"},"ip":"::ffff:127.0.0.1","level":"info","message":"POST /analysis/analyze-calls","requestId":"ef40a425-7499-4f3a-8c29-cdf06ba9a82f","service":"api","timestamp":"2025-08-27 22:21:50.884","userAgent":"node"}
{"contentLength":"34","duration":"1ms","level":"info","message":"POST / completed","requestId":"ef40a425-7499-4f3a-8c29-cdf06ba9a82f","service":"api","statusCode":404,"timestamp":"2025-08-27 22:21:50.885"}
{"body":{"endDate":"2025-08-28","startDate":"2025-08-21"},"ip":"::ffff:127.0.0.1","level":"info","message":"POST /analysis/analyze-calls","requestId":"25d16c23-92d4-4b5f-ba2b-7828e4480a0b","service":"api","timestamp":"2025-08-27 22:21:50.886","userAgent":"node"}
{"contentLength":"34","duration":"0ms","level":"info","message":"POST / completed","requestId":"25d16c23-92d4-4b5f-ba2b-7828e4480a0b","service":"api","statusCode":404,"timestamp":"2025-08-27 22:21:50.886"}
{"ip":"::ffff:127.0.0.1","level":"info","message":"GET /calls/date-range","requestId":"d26df35e-aef2-4c16-8c31-a55f26eb7339","service":"api","timestamp":"2025-08-27 22:21:50.894","userAgent":"node"}
{"contentLength":"34","duration":"1ms","level":"info","message":"GET / completed","requestId":"d26df35e-aef2-4c16-8c31-a55f26eb7339","service":"api","statusCode":404,"timestamp":"2025-08-27 22:21:50.895"}
{"ip":"::ffff:127.0.0.1","level":"info","message":"GET /calls/date-range","requestId":"43be8e02-a38b-4ea2-bb83-dcef16051bdd","service":"api","timestamp":"2025-08-27 22:21:50.895","userAgent":"node"}
{"contentLength":"34","duration":"1ms","level":"info","message":"GET / completed","requestId":"43be8e02-a38b-4ea2-bb83-dcef16051bdd","service":"api","statusCode":404,"timestamp":"2025-08-27 22:21:50.896"}
{"ip":"::ffff:127.0.0.1","level":"info","message":"GET /calls/date-range","requestId":"1d1795c5-306d-485c-9787-b0ed21d7dd68","service":"api","timestamp":"2025-08-27 22:21:53.228","userAgent":"node"}
{"contentLength":"34","duration":"1ms","level":"info","message":"GET / completed","requestId":"1d1795c5-306d-485c-9787-b0ed21d7dd68","service":"api","statusCode":404,"timestamp":"2025-08-27 22:21:53.229"}
{"ip":"::ffff:127.0.0.1","level":"info","message":"GET /calls/date-range","requestId":"30dec67d-73bb-4e9d-9846-4f31a2b2522a","service":"api","timestamp":"2025-08-27 22:21:53.859","userAgent":"node"}
{"contentLength":"34","duration":"1ms","level":"info","message":"GET / completed","requestId":"30dec67d-73bb-4e9d-9846-4f31a2b2522a","service":"api","statusCode":404,"timestamp":"2025-08-27 22:21:53.860"}
{"ip":"::ffff:127.0.0.1","level":"info","message":"GET /calls/date-range","requestId":"ad4a8013-8627-4909-8767-dd11d55170e2","service":"api","timestamp":"2025-08-27 22:21:54.176","userAgent":"node"}
{"contentLength":"34","duration":"0ms","level":"info","message":"GET / completed","requestId":"ad4a8013-8627-4909-8767-dd11d55170e2","service":"api","statusCode":404,"timestamp":"2025-08-27 22:21:54.176"}
{"ip":"::ffff:127.0.0.1","level":"info","message":"GET /calls/date-range","requestId":"741040ab-1fcd-435c-a6ee-6db90d6f3e24","service":"api","timestamp":"2025-08-27 22:21:54.435","userAgent":"node"}
{"contentLength":"34","duration":"1ms","level":"info","message":"GET / completed","requestId":"741040ab-1fcd-435c-a6ee-6db90d6f3e24","service":"api","statusCode":404,"timestamp":"2025-08-27 22:21:54.436"}
{"body":{"endDate":"2025-08-28","startDate":"2025-08-21"},"ip":"::ffff:127.0.0.1","level":"info","message":"POST /analysis/analyze-calls","requestId":"54152fef-5a83-4dea-b3b5-63bdde7dd1d4","service":"api","timestamp":"2025-08-27 22:40:23.094","userAgent":"node"}
{"contentLength":"34","duration":"1ms","level":"info","message":"POST / completed","requestId":"54152fef-5a83-4dea-b3b5-63bdde7dd1d4","service":"api","statusCode":404,"timestamp":"2025-08-27 22:40:23.095"}
{"body":{"endDate":"2025-08-28","startDate":"2025-08-21"},"ip":"::ffff:127.0.0.1","level":"info","message":"POST /analysis/analyze-calls","requestId":"b9853daf-0d6f-4361-a83f-ac79f55ce7ab","service":"api","timestamp":"2025-08-27 22:40:23.095","userAgent":"node"}
{"contentLength":"34","duration":"1ms","level":"info","message":"POST / completed","requestId":"b9853daf-0d6f-4361-a83f-ac79f55ce7ab","service":"api","statusCode":404,"timestamp":"2025-08-27 22:40:23.096"}
{"body":{"endDate":"2025-08-28","startDate":"2025-08-21"},"ip":"::ffff:127.0.0.1","level":"info","message":"POST /analysis/analyze-calls","requestId":"60f7ff36-7c45-4468-91a7-b8434612a48d","service":"api","timestamp":"2025-08-27 22:40:29.264","userAgent":"node"}
{"contentLength":"34","duration":"1ms","level":"info","message":"POST / completed","requestId":"60f7ff36-7c45-4468-91a7-b8434612a48d","service":"api","statusCode":404,"timestamp":"2025-08-27 22:40:29.265"}
{"body":{"endDate":"2025-08-28","startDate":"2025-08-21"},"ip":"::ffff:127.0.0.1","level":"info","message":"POST /analysis/analyze-calls","requestId":"281d1671-f942-448d-818b-dc5dc0844f4a","service":"api","timestamp":"2025-08-27 22:40:29.266","userAgent":"node"}
{"contentLength":"34","duration":"0ms","level":"info","message":"POST / completed","requestId":"281d1671-f942-448d-818b-dc5dc0844f4a","service":"api","statusCode":404,"timestamp":"2025-08-27 22:40:29.266"}
{"ip":"::ffff:127.0.0.1","level":"info","message":"GET /calls/date-range","requestId":"50cd6833-9417-4bc5-98d8-9d47a5730310","service":"api","timestamp":"2025-08-27 22:40:30.841","userAgent":"node"}
{"contentLength":"34","duration":"1ms","level":"info","message":"GET / completed","requestId":"50cd6833-9417-4bc5-98d8-9d47a5730310","service":"api","statusCode":404,"timestamp":"2025-08-27 22:40:30.842"}
{"ip":"::ffff:127.0.0.1","level":"info","message":"GET /calls/date-range","requestId":"b04ea8a6-bb1e-4d2a-b804-b9ad56d127c5","service":"api","timestamp":"2025-08-27 22:40:30.842","userAgent":"node"}
{"contentLength":"34","duration":"0ms","level":"info","message":"GET / completed","requestId":"b04ea8a6-bb1e-4d2a-b804-b9ad56d127c5","service":"api","statusCode":404,"timestamp":"2025-08-27 22:40:30.842"}
{"body":{"endDate":"2025-08-28","startDate":"2025-08-21"},"ip":"::ffff:127.0.0.1","level":"info","message":"POST /analysis/analyze-calls","requestId":"88e24932-2d8b-43c1-96ee-d0ca79e33891","service":"api","timestamp":"2025-08-27 22:40:31.741","userAgent":"node"}
{"contentLength":"34","duration":"1ms","level":"info","message":"POST / completed","requestId":"88e24932-2d8b-43c1-96ee-d0ca79e33891","service":"api","statusCode":404,"timestamp":"2025-08-27 22:40:31.742"}
{"body":{"endDate":"2025-08-28","startDate":"2025-08-21"},"ip":"::ffff:127.0.0.1","level":"info","message":"POST /analysis/analyze-calls","requestId":"fed4dd7c-b2d4-451c-94ab-2d124dd27838","service":"api","timestamp":"2025-08-27 22:40:31.742","userAgent":"node"}
{"contentLength":"34","duration":"1ms","level":"info","message":"POST / completed","requestId":"fed4dd7c-b2d4-451c-94ab-2d124dd27838","service":"api","statusCode":404,"timestamp":"2025-08-27 22:40:31.743"}
{"body":{"endDate":"2025-08-28","startDate":"2025-08-21"},"ip":"::ffff:127.0.0.1","level":"info","message":"POST /analysis/analyze-calls","requestId":"f1dd8a0b-a6d4-4d29-9b92-e67eb697e215","service":"api","timestamp":"2025-08-27 22:41:26.533","userAgent":"node"}
{"contentLength":"34","duration":"1ms","level":"info","message":"POST / completed","requestId":"f1dd8a0b-a6d4-4d29-9b92-e67eb697e215","service":"api","statusCode":404,"timestamp":"2025-08-27 22:41:26.534"}
{"body":{"endDate":"2025-08-28","startDate":"2025-08-21"},"ip":"::ffff:127.0.0.1","level":"info","message":"POST /analysis/analyze-calls","requestId":"de2d3765-d05c-4b7c-96b2-432f74955c33","service":"api","timestamp":"2025-08-27 22:41:26.534","userAgent":"node"}
{"contentLength":"34","duration":"1ms","level":"info","message":"POST / completed","requestId":"de2d3765-d05c-4b7c-96b2-432f74955c33","service":"api","statusCode":404,"timestamp":"2025-08-27 22:41:26.535"}
{"body":{"endDate":"2025-08-28","startDate":"2025-08-21"},"ip":"::ffff:127.0.0.1","level":"info","message":"POST /analysis/analyze-calls","requestId":"a794e54a-4021-47a1-874c-c19434204cc5","service":"api","timestamp":"2025-08-27 22:41:49.056","userAgent":"node"}
{"contentLength":"34","duration":"1ms","level":"info","message":"POST / completed","requestId":"a794e54a-4021-47a1-874c-c19434204cc5","service":"api","statusCode":404,"timestamp":"2025-08-27 22:41:49.057"}
{"body":{"endDate":"2025-08-28","startDate":"2025-08-21"},"ip":"::ffff:127.0.0.1","level":"info","message":"POST /analysis/analyze-calls","requestId":"a330bbb1-a51c-4bb2-8d21-573261ebd01e","service":"api","timestamp":"2025-08-27 22:41:49.058","userAgent":"node"}
{"contentLength":"34","duration":"0ms","level":"info","message":"POST / completed","requestId":"a330bbb1-a51c-4bb2-8d21-573261ebd01e","service":"api","statusCode":404,"timestamp":"2025-08-27 22:41:49.058"}
{"body":{"endDate":"2025-08-28","startDate":"2025-08-21"},"ip":"::ffff:127.0.0.1","level":"info","message":"POST /analysis/analyze-calls","requestId":"a3723f35-a46a-4633-b6fe-ea902d710a6a","service":"api","timestamp":"2025-08-27 22:42:06.349","userAgent":"node"}
{"contentLength":"34","duration":"1ms","level":"info","message":"POST / completed","requestId":"a3723f35-a46a-4633-b6fe-ea902d710a6a","service":"api","statusCode":404,"timestamp":"2025-08-27 22:42:06.350"}
{"body":{"endDate":"2025-08-28","startDate":"2025-08-21"},"ip":"::ffff:127.0.0.1","level":"info","message":"POST /analysis/analyze-calls","requestId":"88bb8cae-b9e7-4b98-b834-1ec7f99a56d7","service":"api","timestamp":"2025-08-27 22:42:06.350","userAgent":"node"}
{"contentLength":"34","duration":"0ms","level":"info","message":"POST / completed","requestId":"88bb8cae-b9e7-4b98-b834-1ec7f99a56d7","service":"api","statusCode":404,"timestamp":"2025-08-27 22:42:06.350"}
