2025-08-27 21:47:29.881 [ERROR] [call-analysis-api]: Error completo de Axios: Request failed with status code 401 | Meta: {"code":"ERR_BAD_REQUEST","response":{"status":401,"statusText":"Unauthorized","data":{"detail":{"status":"invalid_api_key","message":"Invalid API key"}}},"request":"request object exists"}
2025-08-27 21:47:29.882 [ERROR] [call-analysis-api]: Error obteniendo llamadas de ElevenLabs: Request failed with status code 401 | Meta: {"status":401,"statusText":"Unauthorized","data":"{\"detail\":{\"status\":\"invalid_api_key\",\"message\":\"Invalid API key\"}}"}
2025-08-27 21:47:29.882 [ERROR] [api] [ReqID: 7594e8dd-220a-4da5-9f08-69d7bc494092]: Error in analyze-calls endpoint | Meta: {"error":"Error al obtener llamadas: Request failed with status code 401","stack":"Error: Error al obtener llamadas: Request failed with status code 401\n    at ElevenLabsService.getCallsByDateRange (/home/dylan/Documents/all/paradixe/Analysis/backend/src/services/elevenlabsService.js:204:13)\n    at process.processTicksAndRejections (node:internal/process/task_queues:95:5)\n    at async /home/dylan/Documents/all/paradixe/Analysis/backend/src/routes/analysisRoutes.js:62:19","requestBody":{"startDate":"2025-08-21","endDate":"2025-08-28"}}
2025-08-27 21:47:29.887 [ERROR] [call-analysis-api]: Error completo de Axios: Request failed with status code 401 | Meta: {"code":"ERR_BAD_REQUEST","response":{"status":401,"statusText":"Unauthorized","data":{"detail":{"status":"invalid_api_key","message":"Invalid API key"}}},"request":"request object exists"}
2025-08-27 21:47:29.887 [ERROR] [call-analysis-api]: Error obteniendo llamadas de ElevenLabs: Request failed with status code 401 | Meta: {"status":401,"statusText":"Unauthorized","data":"{\"detail\":{\"status\":\"invalid_api_key\",\"message\":\"Invalid API key\"}}"}
2025-08-27 21:47:29.887 [ERROR] [api] [ReqID: f6f04ae0-8880-4381-b379-a09187922e98]: Error in analyze-calls endpoint | Meta: {"error":"Error al obtener llamadas: Request failed with status code 401","stack":"Error: Error al obtener llamadas: Request failed with status code 401\n    at ElevenLabsService.getCallsByDateRange (/home/dylan/Documents/all/paradixe/Analysis/backend/src/services/elevenlabsService.js:204:13)\n    at process.processTicksAndRejections (node:internal/process/task_queues:95:5)\n    at async /home/dylan/Documents/all/paradixe/Analysis/backend/src/routes/analysisRoutes.js:62:19","requestBody":{"startDate":"2025-08-21","endDate":"2025-08-28"}}
2025-08-27 21:47:36.339 [ERROR] [call-analysis-api]: Error completo de Axios: Request failed with status code 401 | Meta: {"code":"ERR_BAD_REQUEST","response":{"status":401,"statusText":"Unauthorized","data":{"detail":{"status":"invalid_api_key","message":"Invalid API key"}}},"request":"request object exists"}
2025-08-27 21:47:36.340 [ERROR] [call-analysis-api]: Error obteniendo llamadas de ElevenLabs: Request failed with status code 401 | Meta: {"status":401,"statusText":"Unauthorized","data":"{\"detail\":{\"status\":\"invalid_api_key\",\"message\":\"Invalid API key\"}}"}
2025-08-27 21:47:36.340 [ERROR] [call-analysis-api]: Error obteniendo llamadas por rango de fechas: Error al obtener llamadas: Request failed with status code 401 | Meta: {"stack":"Error: Error al obtener llamadas: Request failed with status code 401\n    at ElevenLabsService.getCallsByDateRange (/home/dylan/Documents/all/paradixe/Analysis/backend/src/services/elevenlabsService.js:204:13)\n    at process.processTicksAndRejections (node:internal/process/task_queues:95:5)\n    at async /home/dylan/Documents/all/paradixe/Analysis/backend/src/routes/callRoutes.js:39:19"}
2025-08-27 21:47:42.313 [ERROR] [call-analysis-api]: Error completo de Axios: Request failed with status code 401 | Meta: {"code":"ERR_BAD_REQUEST","response":{"status":401,"statusText":"Unauthorized","data":{"detail":{"status":"invalid_api_key","message":"Invalid API key"}}},"request":"request object exists"}
2025-08-27 21:47:42.314 [ERROR] [call-analysis-api]: Error obteniendo llamadas de ElevenLabs: Request failed with status code 401 | Meta: {"status":401,"statusText":"Unauthorized","data":"{\"detail\":{\"status\":\"invalid_api_key\",\"message\":\"Invalid API key\"}}"}
2025-08-27 21:47:42.315 [ERROR] [call-analysis-api]: Error obteniendo llamadas por rango de fechas: Error al obtener llamadas: Request failed with status code 401 | Meta: {"stack":"Error: Error al obtener llamadas: Request failed with status code 401\n    at ElevenLabsService.getCallsByDateRange (/home/dylan/Documents/all/paradixe/Analysis/backend/src/services/elevenlabsService.js:204:13)\n    at process.processTicksAndRejections (node:internal/process/task_queues:95:5)\n    at async /home/dylan/Documents/all/paradixe/Analysis/backend/src/routes/callRoutes.js:39:19"}
2025-08-27 21:49:01.224 [ERROR] [call-analysis-api]: Error completo de Axios: Request failed with status code 401 | Meta: {"code":"ERR_BAD_REQUEST","response":{"status":401,"statusText":"Unauthorized","data":{"detail":{"status":"invalid_api_key","message":"Invalid API key"}}},"request":"request object exists"}
2025-08-27 21:49:01.225 [ERROR] [call-analysis-api]: Error obteniendo llamadas de ElevenLabs: Request failed with status code 401 | Meta: {"status":401,"statusText":"Unauthorized","data":"{\"detail\":{\"status\":\"invalid_api_key\",\"message\":\"Invalid API key\"}}"}
2025-08-27 21:49:01.225 [ERROR] [api] [ReqID: e779d190-b6e9-44dc-911a-002ef0a81ec0]: Error in analyze-calls endpoint | Meta: {"error":"Error al obtener llamadas: Request failed with status code 401","stack":"Error: Error al obtener llamadas: Request failed with status code 401\n    at ElevenLabsService.getCallsByDateRange (/home/dylan/Documents/all/paradixe/Analysis/backend/src/services/elevenlabsService.js:204:13)\n    at process.processTicksAndRejections (node:internal/process/task_queues:95:5)\n    at async /home/dylan/Documents/all/paradixe/Analysis/backend/src/routes/analysisRoutes.js:62:19","requestBody":{"startDate":"2025-08-21","endDate":"2025-08-28"}}
2025-08-27 21:49:01.227 [ERROR] [call-analysis-api]: Error completo de Axios: Request failed with status code 401 | Meta: {"code":"ERR_BAD_REQUEST","response":{"status":401,"statusText":"Unauthorized","data":{"detail":{"status":"invalid_api_key","message":"Invalid API key"}}},"request":"request object exists"}
2025-08-27 21:49:01.227 [ERROR] [call-analysis-api]: Error obteniendo llamadas de ElevenLabs: Request failed with status code 401 | Meta: {"status":401,"statusText":"Unauthorized","data":"{\"detail\":{\"status\":\"invalid_api_key\",\"message\":\"Invalid API key\"}}"}
2025-08-27 21:49:01.227 [ERROR] [api] [ReqID: a3ea07d9-432c-4487-9bf9-fb780149bda3]: Error in analyze-calls endpoint | Meta: {"error":"Error al obtener llamadas: Request failed with status code 401","stack":"Error: Error al obtener llamadas: Request failed with status code 401\n    at ElevenLabsService.getCallsByDateRange (/home/dylan/Documents/all/paradixe/Analysis/backend/src/services/elevenlabsService.js:204:13)\n    at process.processTicksAndRejections (node:internal/process/task_queues:95:5)\n    at async /home/dylan/Documents/all/paradixe/Analysis/backend/src/routes/analysisRoutes.js:62:19","requestBody":{"startDate":"2025-08-21","endDate":"2025-08-28"}}
2025-08-27 21:51:42.904 [ERROR] [call-analysis-api]: Error completo de Axios: Request failed with status code 401 | Meta: {"code":"ERR_BAD_REQUEST","response":{"status":401,"statusText":"Unauthorized","data":{"detail":{"status":"invalid_api_key","message":"Invalid API key"}}},"request":"request object exists"}
2025-08-27 21:51:42.904 [ERROR] [call-analysis-api]: Error obteniendo llamadas de ElevenLabs: Request failed with status code 401 | Meta: {"status":401,"statusText":"Unauthorized","data":"{\"detail\":{\"status\":\"invalid_api_key\",\"message\":\"Invalid API key\"}}"}
2025-08-27 21:51:42.904 [ERROR] [call-analysis-api]: Error obteniendo llamadas por rango de fechas: Error al obtener llamadas: Request failed with status code 401 | Meta: {"stack":"Error: Error al obtener llamadas: Request failed with status code 401\n    at ElevenLabsService.getCallsByDateRange (/home/dylan/Documents/all/paradixe/Analysis/backend/src/services/elevenlabsService.js:204:13)\n    at process.processTicksAndRejections (node:internal/process/task_queues:95:5)\n    at async /home/dylan/Documents/all/paradixe/Analysis/backend/src/routes/callRoutes.js:39:19"}
2025-08-28 12:04:22.621 [ERROR] [call-analysis-api]: Error analizando llamada con callAnalyser: fetch failed
2025-08-28 12:04:22.622 [ERROR] [call-analysis-api]: Error analizando llamada con callAnalyser: fetch failed
2025-08-28 12:04:22.625 [ERROR] [call-analysis-api]: Error analizando llamada con callAnalyser: fetch failed
2025-08-28 12:04:23.616 [ERROR] [call-analysis-api]: Error analizando llamada con callAnalyser: fetch failed
2025-08-28 12:04:23.617 [ERROR] [call-analysis-api]: Error analizando llamada con callAnalyser: fetch failed
2025-08-28 12:04:23.617 [ERROR] [call-analysis-api]: Error analizando llamada con callAnalyser: fetch failed
2025-08-28 12:05:06.635 [ERROR] [call-analysis-api]: Error analizando llamada con callAnalyser: fetch failed
2025-08-28 12:05:06.636 [ERROR] [call-analysis-api]: Error analizando llamada con callAnalyser: fetch failed
2025-08-28 12:05:06.637 [ERROR] [call-analysis-api]: Error analizando llamada con callAnalyser: fetch failed
2025-08-28 12:05:07.242 [ERROR] [call-analysis-api]: Error analizando llamada con callAnalyser: fetch failed
2025-08-28 12:05:07.243 [ERROR] [call-analysis-api]: Error analizando llamada con callAnalyser: fetch failed
2025-08-28 12:05:07.243 [ERROR] [call-analysis-api]: Error analizando llamada con callAnalyser: fetch failed
2025-08-28 12:05:20.152 [ERROR] [call-analysis-api]: Error analizando llamada con callAnalyser: fetch failed
2025-08-28 12:05:20.152 [ERROR] [call-analysis-api]: Error analizando llamada con callAnalyser: fetch failed
2025-08-28 12:05:20.153 [ERROR] [call-analysis-api]: Error analizando llamada con callAnalyser: fetch failed
2025-08-28 12:05:20.459 [ERROR] [call-analysis-api]: Error analizando llamada con callAnalyser: fetch failed
2025-08-28 12:05:20.460 [ERROR] [call-analysis-api]: Error analizando llamada con callAnalyser: fetch failed
2025-08-28 12:05:20.460 [ERROR] [call-analysis-api]: Error analizando llamada con callAnalyser: fetch failed
2025-08-28 12:06:00.505 [ERROR] [call-analysis-api]: Error analizando llamada con callAnalyser: fetch failed
2025-08-28 12:06:00.507 [ERROR] [call-analysis-api]: Error analizando llamada con callAnalyser: fetch failed
2025-08-28 12:06:00.508 [ERROR] [call-analysis-api]: Error analizando llamada con callAnalyser: fetch failed
2025-08-28 12:06:00.653 [ERROR] [call-analysis-api]: Error analizando llamada con callAnalyser: fetch failed
2025-08-28 12:06:00.654 [ERROR] [call-analysis-api]: Error analizando llamada con callAnalyser: fetch failed
2025-08-28 12:06:00.655 [ERROR] [call-analysis-api]: Error analizando llamada con callAnalyser: fetch failed
2025-08-28 12:06:02.761 [ERROR] [call-analysis-api]: Error analizando llamada con callAnalyser: fetch failed
2025-08-28 12:06:02.762 [ERROR] [call-analysis-api]: Error analizando llamada con callAnalyser: fetch failed
2025-08-28 12:06:02.762 [ERROR] [call-analysis-api]: Error analizando llamada con callAnalyser: fetch failed
2025-08-28 12:06:02.770 [ERROR] [call-analysis-api]: Error analizando llamada con callAnalyser: fetch failed
2025-08-28 12:06:02.771 [ERROR] [call-analysis-api]: Error analizando llamada con callAnalyser: fetch failed
2025-08-28 12:06:02.771 [ERROR] [call-analysis-api]: Error analizando llamada con callAnalyser: fetch failed
2025-08-28 12:07:02.974 [ERROR] [call-analysis-api]: Error analizando llamada con callAnalyser: fetch failed
2025-08-28 12:07:02.975 [ERROR] [call-analysis-api]: Error analizando llamada con callAnalyser: fetch failed
2025-08-28 12:07:02.975 [ERROR] [call-analysis-api]: Error analizando llamada con callAnalyser: fetch failed
2025-08-28 12:07:02.983 [ERROR] [call-analysis-api]: Error analizando llamada con callAnalyser: fetch failed
2025-08-28 12:07:02.985 [ERROR] [call-analysis-api]: Error analizando llamada con callAnalyser: fetch failed
2025-08-28 12:07:02.985 [ERROR] [call-analysis-api]: Error analizando llamada con callAnalyser: fetch failed
2025-08-28 12:07:05.119 [ERROR] [call-analysis-api]: Error analizando llamada con callAnalyser: fetch failed
2025-08-28 12:07:05.120 [ERROR] [call-analysis-api]: Error analizando llamada con callAnalyser: fetch failed
2025-08-28 12:07:05.120 [ERROR] [call-analysis-api]: Error analizando llamada con callAnalyser: fetch failed
2025-08-28 12:07:05.121 [ERROR] [call-analysis-api]: Error analizando llamada con callAnalyser: fetch failed
2025-08-28 12:07:05.122 [ERROR] [call-analysis-api]: Error analizando llamada con callAnalyser: fetch failed
2025-08-28 12:07:05.123 [ERROR] [call-analysis-api]: Error analizando llamada con callAnalyser: fetch failed
2025-08-28 13:11:44.875 [ERROR] [call-analysis-api]: Error analizando llamada con callAnalyser: fetch failed
2025-08-28 13:11:44.876 [ERROR] [call-analysis-api]: Error analizando llamada con callAnalyser: fetch failed
2025-08-28 13:11:44.876 [ERROR] [call-analysis-api]: Error analizando llamada con callAnalyser: fetch failed
2025-08-28 13:11:45.085 [ERROR] [call-analysis-api]: Error analizando llamada con callAnalyser: fetch failed
2025-08-28 13:11:45.086 [ERROR] [call-analysis-api]: Error analizando llamada con callAnalyser: fetch failed
2025-08-28 13:11:45.087 [ERROR] [call-analysis-api]: Error analizando llamada con callAnalyser: fetch failed
2025-08-28 13:12:03.512 [ERROR] [call-analysis-api]: Error analizando llamada con callAnalyser: fetch failed
2025-08-28 13:12:03.513 [ERROR] [call-analysis-api]: Error analizando llamada con callAnalyser: fetch failed
2025-08-28 13:12:03.514 [ERROR] [call-analysis-api]: Error analizando llamada con callAnalyser: fetch failed
2025-08-28 13:12:04.159 [ERROR] [call-analysis-api]: Error analizando llamada con callAnalyser: fetch failed
2025-08-28 13:12:04.160 [ERROR] [call-analysis-api]: Error analizando llamada con callAnalyser: fetch failed
2025-08-28 13:12:04.161 [ERROR] [call-analysis-api]: Error analizando llamada con callAnalyser: fetch failed
2025-08-28 13:12:40.182 [ERROR] [call-analysis-api]: Error analizando llamada con callAnalyser: fetch failed
2025-08-28 13:12:40.183 [ERROR] [call-analysis-api]: Error analizando llamada con callAnalyser: fetch failed
2025-08-28 13:12:40.183 [ERROR] [call-analysis-api]: Error analizando llamada con callAnalyser: fetch failed
2025-08-28 13:12:40.590 [ERROR] [call-analysis-api]: Error analizando llamada con callAnalyser: fetch failed
2025-08-28 13:12:40.591 [ERROR] [call-analysis-api]: Error analizando llamada con callAnalyser: fetch failed
2025-08-28 13:12:40.591 [ERROR] [call-analysis-api]: Error analizando llamada con callAnalyser: fetch failed
2025-08-28 13:12:41.775 [ERROR] [call-analysis-api]: Error analizando llamada con callAnalyser: fetch failed
2025-08-28 13:12:41.775 [ERROR] [call-analysis-api]: Error analizando llamada con callAnalyser: fetch failed
2025-08-28 13:12:41.776 [ERROR] [call-analysis-api]: Error analizando llamada con callAnalyser: fetch failed
2025-08-28 13:12:42.434 [ERROR] [call-analysis-api]: Error analizando llamada con callAnalyser: fetch failed
2025-08-28 13:12:42.435 [ERROR] [call-analysis-api]: Error analizando llamada con callAnalyser: fetch failed
2025-08-28 13:12:42.436 [ERROR] [call-analysis-api]: Error analizando llamada con callAnalyser: fetch failed
2025-08-28 13:12:43.260 [ERROR] [call-analysis-api]: Error analizando llamada con callAnalyser: fetch failed
2025-08-28 13:12:43.260 [ERROR] [call-analysis-api]: Error analizando llamada con callAnalyser: fetch failed
2025-08-28 13:12:43.261 [ERROR] [call-analysis-api]: Error analizando llamada con callAnalyser: fetch failed
2025-08-28 13:12:43.630 [ERROR] [call-analysis-api]: Error analizando llamada con callAnalyser: fetch failed
2025-08-28 13:12:43.631 [ERROR] [call-analysis-api]: Error analizando llamada con callAnalyser: fetch failed
2025-08-28 13:12:43.631 [ERROR] [call-analysis-api]: Error analizando llamada con callAnalyser: fetch failed
2025-08-28 13:12:46.731 [ERROR] [call-analysis-api]: Error analizando llamada con callAnalyser: fetch failed
2025-08-28 13:12:46.734 [ERROR] [call-analysis-api]: Error analizando llamada con callAnalyser: fetch failed
2025-08-28 13:12:46.735 [ERROR] [call-analysis-api]: Error analizando llamada con callAnalyser: fetch failed
2025-08-28 13:12:47.143 [ERROR] [call-analysis-api]: Error analizando llamada con callAnalyser: fetch failed
2025-08-28 13:12:47.143 [ERROR] [call-analysis-api]: Error analizando llamada con callAnalyser: fetch failed
2025-08-28 13:12:47.144 [ERROR] [call-analysis-api]: Error analizando llamada con callAnalyser: fetch failed
2025-08-28 13:13:14.795 [ERROR] [call-analysis-api]: Error analizando llamada con callAnalyser: fetch failed
2025-08-28 13:13:14.796 [ERROR] [call-analysis-api]: Error analizando llamada con callAnalyser: fetch failed
2025-08-28 13:13:14.797 [ERROR] [call-analysis-api]: Error analizando llamada con callAnalyser: fetch failed
2025-08-28 13:13:15.823 [ERROR] [call-analysis-api]: Error analizando llamada con callAnalyser: fetch failed
2025-08-28 13:13:15.824 [ERROR] [call-analysis-api]: Error analizando llamada con callAnalyser: fetch failed
2025-08-28 13:13:15.825 [ERROR] [call-analysis-api]: Error analizando llamada con callAnalyser: fetch failed
2025-08-28 13:13:57.603 [ERROR] [call-analysis-api]: Error analizando llamada con callAnalyser: fetch failed
2025-08-28 13:13:57.604 [ERROR] [call-analysis-api]: Error analizando llamada con callAnalyser: fetch failed
2025-08-28 13:13:57.604 [ERROR] [call-analysis-api]: Error analizando llamada con callAnalyser: fetch failed
2025-08-28 13:13:57.704 [ERROR] [call-analysis-api]: Error analizando llamada con callAnalyser: fetch failed
2025-08-28 13:13:57.705 [ERROR] [call-analysis-api]: Error analizando llamada con callAnalyser: fetch failed
2025-08-28 13:13:57.705 [ERROR] [call-analysis-api]: Error analizando llamada con callAnalyser: fetch failed
2025-08-28 13:13:58.205 [ERROR] [call-analysis-api]: Error analizando llamada con callAnalyser: fetch failed
2025-08-28 13:13:58.205 [ERROR] [call-analysis-api]: Error analizando llamada con callAnalyser: fetch failed
2025-08-28 13:13:58.206 [ERROR] [call-analysis-api]: Error analizando llamada con callAnalyser: fetch failed
2025-08-28 13:13:58.426 [ERROR] [call-analysis-api]: Error analizando llamada con callAnalyser: fetch failed
2025-08-28 13:13:58.427 [ERROR] [call-analysis-api]: Error analizando llamada con callAnalyser: fetch failed
2025-08-28 13:13:58.428 [ERROR] [call-analysis-api]: Error analizando llamada con callAnalyser: fetch failed
2025-08-28 13:16:33.926 [ERROR] [call-analysis-api]: Error analizando llamada con callAnalyser: fetch failed
2025-08-28 13:16:33.927 [ERROR] [call-analysis-api]: Error analizando llamada con callAnalyser: fetch failed
2025-08-28 13:16:33.928 [ERROR] [call-analysis-api]: Error analizando llamada con callAnalyser: fetch failed
2025-08-28 13:16:36.193 [ERROR] [call-analysis-api]: Error analizando llamada con callAnalyser: fetch failed
2025-08-28 13:16:36.194 [ERROR] [call-analysis-api]: Error analizando llamada con callAnalyser: fetch failed
2025-08-28 13:16:36.194 [ERROR] [call-analysis-api]: Error analizando llamada con callAnalyser: fetch failed
2025-08-28 13:31:37.295 [ERROR] [call-analysis-api]: Error analizando llamada con callAnalyser: fetch failed
2025-08-28 13:31:37.296 [ERROR] [call-analysis-api]: Error analizando llamada con callAnalyser: fetch failed
2025-08-28 13:31:37.297 [ERROR] [call-analysis-api]: Error analizando llamada con callAnalyser: fetch failed
2025-08-28 13:31:37.523 [ERROR] [call-analysis-api]: Error analizando llamada con callAnalyser: fetch failed
2025-08-28 13:31:37.524 [ERROR] [call-analysis-api]: Error analizando llamada con callAnalyser: fetch failed
2025-08-28 13:31:37.524 [ERROR] [call-analysis-api]: Error analizando llamada con callAnalyser: fetch failed
2025-08-28 13:37:03.050 [ERROR] [call-analysis-api]: Error analizando llamada con callAnalyser: fetch failed
2025-08-28 13:37:03.051 [ERROR] [call-analysis-api]: Error analizando llamada con callAnalyser: fetch failed
2025-08-28 13:37:03.051 [ERROR] [call-analysis-api]: Error analizando llamada con callAnalyser: fetch failed
2025-08-28 13:37:03.655 [ERROR] [call-analysis-api]: Error analizando llamada con callAnalyser: fetch failed
2025-08-28 13:37:03.656 [ERROR] [call-analysis-api]: Error analizando llamada con callAnalyser: fetch failed
2025-08-28 13:37:03.656 [ERROR] [call-analysis-api]: Error analizando llamada con callAnalyser: fetch failed
2025-08-28 13:38:51.402 [ERROR] [call-analysis-api]: Error analizando llamada con callAnalyser: fetch failed
2025-08-28 13:38:51.402 [ERROR] [call-analysis-api]: Error analizando llamada con callAnalyser: fetch failed
2025-08-28 13:38:51.403 [ERROR] [call-analysis-api]: Error analizando llamada con callAnalyser: fetch failed
2025-08-28 13:38:52.013 [ERROR] [call-analysis-api]: Error analizando llamada con callAnalyser: fetch failed
2025-08-28 13:38:52.014 [ERROR] [call-analysis-api]: Error analizando llamada con callAnalyser: fetch failed
2025-08-28 13:38:52.014 [ERROR] [call-analysis-api]: Error analizando llamada con callAnalyser: fetch failed
2025-08-28 13:38:58.768 [ERROR] [call-analysis-api]: Error analizando llamada con callAnalyser: fetch failed
2025-08-28 13:38:58.770 [ERROR] [call-analysis-api]: Error analizando llamada con callAnalyser: fetch failed
2025-08-28 13:38:58.771 [ERROR] [call-analysis-api]: Error analizando llamada con callAnalyser: fetch failed
2025-08-28 13:38:58.784 [ERROR] [call-analysis-api]: Error analizando llamada con callAnalyser: fetch failed
2025-08-28 13:38:58.785 [ERROR] [call-analysis-api]: Error analizando llamada con callAnalyser: fetch failed
2025-08-28 13:38:58.785 [ERROR] [call-analysis-api]: Error analizando llamada con callAnalyser: fetch failed
2025-08-28 13:39:03.065 [ERROR] [call-analysis-api]: Error analizando llamada con callAnalyser: fetch failed
2025-08-28 13:39:03.066 [ERROR] [call-analysis-api]: Error analizando llamada con callAnalyser: fetch failed
2025-08-28 13:39:03.068 [ERROR] [call-analysis-api]: Error analizando llamada con callAnalyser: fetch failed
2025-08-28 13:39:03.273 [ERROR] [call-analysis-api]: Error analizando llamada con callAnalyser: fetch failed
2025-08-28 13:39:03.274 [ERROR] [call-analysis-api]: Error analizando llamada con callAnalyser: fetch failed
2025-08-28 13:39:03.275 [ERROR] [call-analysis-api]: Error analizando llamada con callAnalyser: fetch failed
2025-08-28 13:43:51.806 [ERROR] [call-analysis-api]: Error analizando llamada con callAnalyser: fetch failed
2025-08-28 13:43:51.807 [ERROR] [call-analysis-api]: Error analizando llamada con callAnalyser: fetch failed
2025-08-28 13:43:51.809 [ERROR] [call-analysis-api]: Error analizando llamada con callAnalyser: fetch failed
2025-08-28 13:43:52.048 [ERROR] [call-analysis-api]: Error analizando llamada con callAnalyser: fetch failed
2025-08-28 13:43:52.049 [ERROR] [call-analysis-api]: Error analizando llamada con callAnalyser: fetch failed
2025-08-28 13:43:52.050 [ERROR] [call-analysis-api]: Error analizando llamada con callAnalyser: fetch failed
2025-08-28 13:44:01.583 [ERROR] [call-analysis-api]: Error analizando llamada con callAnalyser: fetch failed
2025-08-28 13:44:01.584 [ERROR] [call-analysis-api]: Error analizando llamada con callAnalyser: fetch failed
2025-08-28 13:44:01.584 [ERROR] [call-analysis-api]: Error analizando llamada con callAnalyser: fetch failed
2025-08-28 13:44:02.084 [ERROR] [call-analysis-api]: Error analizando llamada con callAnalyser: fetch failed
2025-08-28 13:44:02.088 [ERROR] [call-analysis-api]: Error analizando llamada con callAnalyser: fetch failed
2025-08-28 13:44:02.089 [ERROR] [call-analysis-api]: Error analizando llamada con callAnalyser: fetch failed
2025-08-28 14:00:49.521 [ERROR] [call-analysis-api]: Error analizando llamada con callAnalyser: fetch failed
2025-08-28 14:00:49.521 [ERROR] [call-analysis-api]: Error analizando llamada con callAnalyser: fetch failed
2025-08-28 14:00:49.522 [ERROR] [call-analysis-api]: Error analizando llamada con callAnalyser: fetch failed
2025-08-28 14:00:49.536 [ERROR] [call-analysis-api]: Error analizando llamada con callAnalyser: fetch failed
2025-08-28 14:00:49.537 [ERROR] [call-analysis-api]: Error analizando llamada con callAnalyser: fetch failed
2025-08-28 14:00:49.538 [ERROR] [call-analysis-api]: Error analizando llamada con callAnalyser: fetch failed
2025-08-28 14:00:51.181 [ERROR] [call-analysis-api]: Error analizando llamada con callAnalyser: fetch failed
2025-08-28 14:00:51.182 [ERROR] [call-analysis-api]: Error analizando llamada con callAnalyser: fetch failed
2025-08-28 14:00:51.182 [ERROR] [call-analysis-api]: Error analizando llamada con callAnalyser: fetch failed
2025-08-28 14:00:51.564 [ERROR] [call-analysis-api]: Error analizando llamada con callAnalyser: fetch failed
2025-08-28 14:00:51.565 [ERROR] [call-analysis-api]: Error analizando llamada con callAnalyser: fetch failed
2025-08-28 14:00:51.567 [ERROR] [call-analysis-api]: Error analizando llamada con callAnalyser: fetch failed
2025-08-28 14:00:53.206 [ERROR] [call-analysis-api]: Error analizando llamada con callAnalyser: fetch failed
2025-08-28 14:00:53.207 [ERROR] [call-analysis-api]: Error analizando llamada con callAnalyser: fetch failed
2025-08-28 14:00:53.209 [ERROR] [call-analysis-api]: Error analizando llamada con callAnalyser: fetch failed
2025-08-28 14:00:53.230 [ERROR] [call-analysis-api]: Error analizando llamada con callAnalyser: fetch failed
2025-08-28 14:00:53.231 [ERROR] [call-analysis-api]: Error analizando llamada con callAnalyser: fetch failed
2025-08-28 14:00:53.232 [ERROR] [call-analysis-api]: Error analizando llamada con callAnalyser: fetch failed
2025-08-28 14:00:56.074 [ERROR] [call-analysis-api]: Error analizando llamada con callAnalyser: fetch failed
2025-08-28 14:00:56.075 [ERROR] [call-analysis-api]: Error analizando llamada con callAnalyser: fetch failed
2025-08-28 14:00:56.076 [ERROR] [call-analysis-api]: Error analizando llamada con callAnalyser: fetch failed
2025-08-28 14:00:57.508 [ERROR] [call-analysis-api]: Error analizando llamada con callAnalyser: fetch failed
2025-08-28 14:00:57.509 [ERROR] [call-analysis-api]: Error analizando llamada con callAnalyser: fetch failed
2025-08-28 14:00:57.510 [ERROR] [call-analysis-api]: Error analizando llamada con callAnalyser: fetch failed
2025-08-28 14:00:57.521 [ERROR] [call-analysis-api]: Error analizando llamada con callAnalyser: fetch failed
2025-08-28 14:00:57.521 [ERROR] [call-analysis-api]: Error analizando llamada con callAnalyser: fetch failed
2025-08-28 14:00:57.522 [ERROR] [call-analysis-api]: Error analizando llamada con callAnalyser: fetch failed
2025-08-28 14:00:58.119 [ERROR] [call-analysis-api]: Error analizando llamada con callAnalyser: fetch failed
2025-08-28 14:00:58.120 [ERROR] [call-analysis-api]: Error analizando llamada con callAnalyser: fetch failed
2025-08-28 14:00:58.121 [ERROR] [call-analysis-api]: Error analizando llamada con callAnalyser: fetch failed
2025-08-28 14:01:54.036 [ERROR] [call-analysis-api]: Error analizando llamada con callAnalyser: fetch failed
2025-08-28 14:01:54.036 [ERROR] [call-analysis-api]: Error analizando llamada con callAnalyser: fetch failed
2025-08-28 14:01:54.037 [ERROR] [call-analysis-api]: Error analizando llamada con callAnalyser: fetch failed
2025-08-28 14:01:54.855 [ERROR] [call-analysis-api]: Error analizando llamada con callAnalyser: fetch failed
2025-08-28 14:01:54.856 [ERROR] [call-analysis-api]: Error analizando llamada con callAnalyser: fetch failed
2025-08-28 14:01:54.856 [ERROR] [call-analysis-api]: Error analizando llamada con callAnalyser: fetch failed
2025-08-28 14:02:13.896 [ERROR] [call-analysis-api]: Error analizando llamada con callAnalyser: fetch failed
2025-08-28 14:02:13.897 [ERROR] [call-analysis-api]: Error analizando llamada con callAnalyser: fetch failed
2025-08-28 14:02:13.898 [ERROR] [call-analysis-api]: Error analizando llamada con callAnalyser: fetch failed
2025-08-28 14:02:15.086 [ERROR] [call-analysis-api]: Error analizando llamada con callAnalyser: fetch failed
2025-08-28 14:02:15.086 [ERROR] [call-analysis-api]: Error analizando llamada con callAnalyser: fetch failed
2025-08-28 14:02:15.087 [ERROR] [call-analysis-api]: Error analizando llamada con callAnalyser: fetch failed
2025-08-28 14:07:01.880 [ERROR] [call-analysis-api]: Error analizando llamada con callAnalyser: fetch failed
2025-08-28 14:07:01.882 [ERROR] [call-analysis-api]: Error analizando llamada con callAnalyser: fetch failed
2025-08-28 14:07:01.883 [ERROR] [call-analysis-api]: Error analizando llamada con callAnalyser: fetch failed
2025-08-28 14:07:02.159 [ERROR] [call-analysis-api]: Error analizando llamada con callAnalyser: fetch failed
2025-08-28 14:07:02.159 [ERROR] [call-analysis-api]: Error analizando llamada con callAnalyser: fetch failed
2025-08-28 14:07:02.160 [ERROR] [call-analysis-api]: Error analizando llamada con callAnalyser: fetch failed
2025-08-28 17:50:04.679 [ERROR] [call-analysis-api]: Error analizando llamada con callAnalyser: fetch failed
2025-08-28 17:50:04.680 [ERROR] [call-analysis-api]: Error analizando llamada con callAnalyser: fetch failed
2025-08-28 17:50:04.682 [ERROR] [call-analysis-api]: Error analizando llamada con callAnalyser: fetch failed
2025-08-28 17:50:04.702 [ERROR] [call-analysis-api]: Error analizando llamada con callAnalyser: fetch failed
2025-08-28 17:50:04.703 [ERROR] [call-analysis-api]: Error analizando llamada con callAnalyser: fetch failed
2025-08-28 17:50:04.704 [ERROR] [call-analysis-api]: Error analizando llamada con callAnalyser: fetch failed
2025-08-28 17:50:09.176 [ERROR] [call-analysis-api]: Error analizando llamada con callAnalyser: fetch failed
2025-08-28 17:50:09.177 [ERROR] [call-analysis-api]: Error analizando llamada con callAnalyser: fetch failed
2025-08-28 17:50:09.177 [ERROR] [call-analysis-api]: Error analizando llamada con callAnalyser: fetch failed
2025-08-28 17:50:09.199 [ERROR] [call-analysis-api]: Error analizando llamada con callAnalyser: fetch failed
2025-08-28 17:50:09.200 [ERROR] [call-analysis-api]: Error analizando llamada con callAnalyser: fetch failed
2025-08-28 17:50:09.202 [ERROR] [call-analysis-api]: Error analizando llamada con callAnalyser: fetch failed
2025-08-28 17:50:13.283 [ERROR] [call-analysis-api]: Error analizando llamada con callAnalyser: fetch failed
2025-08-28 17:50:13.284 [ERROR] [call-analysis-api]: Error analizando llamada con callAnalyser: fetch failed
2025-08-28 17:50:13.285 [ERROR] [call-analysis-api]: Error analizando llamada con callAnalyser: fetch failed
2025-08-28 17:50:13.308 [ERROR] [call-analysis-api]: Error analizando llamada con callAnalyser: fetch failed
2025-08-28 17:50:13.309 [ERROR] [call-analysis-api]: Error analizando llamada con callAnalyser: fetch failed
2025-08-28 17:50:13.310 [ERROR] [call-analysis-api]: Error analizando llamada con callAnalyser: fetch failed
2025-08-28 17:53:54.485 [ERROR] [call-analysis-api]: Error analizando llamada con callAnalyser: fetch failed
2025-08-28 17:53:54.486 [ERROR] [call-analysis-api]: Error analizando llamada con callAnalyser: fetch failed
2025-08-28 17:53:54.487 [ERROR] [call-analysis-api]: Error analizando llamada con callAnalyser: fetch failed
2025-08-28 17:53:54.489 [ERROR] [call-analysis-api]: Error analizando llamada con callAnalyser: fetch failed
2025-08-28 17:53:54.489 [ERROR] [call-analysis-api]: Error analizando llamada con callAnalyser: fetch failed
2025-08-28 17:53:54.490 [ERROR] [call-analysis-api]: Error analizando llamada con callAnalyser: fetch failed
2025-08-28 17:56:43.907 [ERROR] [call-analysis-api]: Error analizando llamada con callAnalyser: fetch failed
2025-08-28 17:56:43.910 [ERROR] [call-analysis-api]: Error analizando llamada con callAnalyser: fetch failed
2025-08-28 17:56:43.911 [ERROR] [call-analysis-api]: Error analizando llamada con callAnalyser: fetch failed
2025-08-28 17:56:43.930 [ERROR] [call-analysis-api]: Error analizando llamada con callAnalyser: fetch failed
2025-08-28 17:56:43.931 [ERROR] [call-analysis-api]: Error analizando llamada con callAnalyser: fetch failed
2025-08-28 17:56:43.932 [ERROR] [call-analysis-api]: Error analizando llamada con callAnalyser: fetch failed
2025-08-28 17:57:24.462 [ERROR] [call-analysis-api]: Error analizando llamada con callAnalyser: fetch failed
2025-08-28 17:57:24.462 [ERROR] [call-analysis-api]: Error analizando llamada con callAnalyser: fetch failed
2025-08-28 17:57:24.463 [ERROR] [call-analysis-api]: Error analizando llamada con callAnalyser: fetch failed
2025-08-28 17:57:24.476 [ERROR] [call-analysis-api]: Error analizando llamada con callAnalyser: fetch failed
2025-08-28 17:57:24.477 [ERROR] [call-analysis-api]: Error analizando llamada con callAnalyser: fetch failed
2025-08-28 17:57:24.478 [ERROR] [call-analysis-api]: Error analizando llamada con callAnalyser: fetch failed
2025-08-28 17:57:55.512 [ERROR] [call-analysis-api]: Error analizando llamada con callAnalyser: fetch failed
2025-08-28 17:57:55.513 [ERROR] [call-analysis-api]: Error analizando llamada con callAnalyser: fetch failed
2025-08-28 17:57:55.515 [ERROR] [call-analysis-api]: Error analizando llamada con callAnalyser: fetch failed
2025-08-28 17:57:55.543 [ERROR] [call-analysis-api]: Error analizando llamada con callAnalyser: fetch failed
2025-08-28 17:57:55.543 [ERROR] [call-analysis-api]: Error analizando llamada con callAnalyser: fetch failed
2025-08-28 17:57:55.545 [ERROR] [call-analysis-api]: Error analizando llamada con callAnalyser: fetch failed
2025-08-28 17:58:33.423 [ERROR] [call-analysis-api]: Error analizando llamada con callAnalyser: fetch failed
2025-08-28 17:58:33.424 [ERROR] [call-analysis-api]: Error analizando llamada con callAnalyser: fetch failed
2025-08-28 17:58:33.424 [ERROR] [call-analysis-api]: Error analizando llamada con callAnalyser: fetch failed
2025-08-28 17:58:33.439 [ERROR] [call-analysis-api]: Error analizando llamada con callAnalyser: fetch failed
2025-08-28 17:58:33.440 [ERROR] [call-analysis-api]: Error analizando llamada con callAnalyser: fetch failed
2025-08-28 17:58:33.440 [ERROR] [call-analysis-api]: Error analizando llamada con callAnalyser: fetch failed
2025-08-28 17:59:05.525 [ERROR] [call-analysis-api]: Error analizando llamada con callAnalyser: fetch failed
2025-08-28 17:59:05.526 [ERROR] [call-analysis-api]: Error analizando llamada con callAnalyser: fetch failed
2025-08-28 17:59:05.527 [ERROR] [call-analysis-api]: Error analizando llamada con callAnalyser: fetch failed
2025-08-28 17:59:05.550 [ERROR] [call-analysis-api]: Error analizando llamada con callAnalyser: fetch failed
2025-08-28 17:59:05.551 [ERROR] [call-analysis-api]: Error analizando llamada con callAnalyser: fetch failed
2025-08-28 17:59:05.552 [ERROR] [call-analysis-api]: Error analizando llamada con callAnalyser: fetch failed
2025-08-28 18:00:42.689 [ERROR] [call-analysis-api]: Error analizando llamada con callAnalyser: fetch failed
2025-08-28 18:00:42.691 [ERROR] [call-analysis-api]: Error analizando llamada con callAnalyser: fetch failed
2025-08-28 18:00:42.691 [ERROR] [call-analysis-api]: Error analizando llamada con callAnalyser: fetch failed
2025-08-28 18:00:42.700 [ERROR] [call-analysis-api]: Error analizando llamada con callAnalyser: fetch failed
2025-08-28 18:00:42.701 [ERROR] [call-analysis-api]: Error analizando llamada con callAnalyser: fetch failed
2025-08-28 18:00:42.703 [ERROR] [call-analysis-api]: Error analizando llamada con callAnalyser: fetch failed
2025-08-28 18:00:45.364 [ERROR] [call-analysis-api]: Error analizando llamada con callAnalyser: fetch failed
2025-08-28 18:00:45.365 [ERROR] [call-analysis-api]: Error analizando llamada con callAnalyser: fetch failed
2025-08-28 18:00:45.366 [ERROR] [call-analysis-api]: Error analizando llamada con callAnalyser: fetch failed
2025-08-28 18:00:45.368 [ERROR] [call-analysis-api]: Error analizando llamada con callAnalyser: fetch failed
2025-08-28 18:00:45.369 [ERROR] [call-analysis-api]: Error analizando llamada con callAnalyser: fetch failed
2025-08-28 18:00:45.369 [ERROR] [call-analysis-api]: Error analizando llamada con callAnalyser: fetch failed
2025-08-28 18:00:47.608 [ERROR] [call-analysis-api]: Error analizando llamada con callAnalyser: fetch failed
2025-08-28 18:00:47.609 [ERROR] [call-analysis-api]: Error analizando llamada con callAnalyser: fetch failed
2025-08-28 18:00:47.609 [ERROR] [call-analysis-api]: Error analizando llamada con callAnalyser: fetch failed
2025-08-28 18:00:47.622 [ERROR] [call-analysis-api]: Error analizando llamada con callAnalyser: fetch failed
2025-08-28 18:00:47.623 [ERROR] [call-analysis-api]: Error analizando llamada con callAnalyser: fetch failed
2025-08-28 18:00:47.623 [ERROR] [call-analysis-api]: Error analizando llamada con callAnalyser: fetch failed
2025-08-28 18:00:52.570 [ERROR] [call-analysis-api]: Error analizando llamada con callAnalyser: fetch failed
2025-08-28 18:00:52.571 [ERROR] [call-analysis-api]: Error analizando llamada con callAnalyser: fetch failed
2025-08-28 18:00:52.571 [ERROR] [call-analysis-api]: Error analizando llamada con callAnalyser: fetch failed
2025-08-28 18:00:52.599 [ERROR] [call-analysis-api]: Error analizando llamada con callAnalyser: fetch failed
2025-08-28 18:00:52.599 [ERROR] [call-analysis-api]: Error analizando llamada con callAnalyser: fetch failed
2025-08-28 18:00:52.600 [ERROR] [call-analysis-api]: Error analizando llamada con callAnalyser: fetch failed
2025-08-28 18:00:55.183 [ERROR] [call-analysis-api]: Error analizando llamada con callAnalyser: fetch failed
2025-08-28 18:00:55.183 [ERROR] [call-analysis-api]: Error analizando llamada con callAnalyser: fetch failed
2025-08-28 18:00:55.184 [ERROR] [call-analysis-api]: Error analizando llamada con callAnalyser: fetch failed
2025-08-28 18:00:55.197 [ERROR] [call-analysis-api]: Error analizando llamada con callAnalyser: fetch failed
2025-08-28 18:00:55.197 [ERROR] [call-analysis-api]: Error analizando llamada con callAnalyser: fetch failed
2025-08-28 18:00:55.198 [ERROR] [call-analysis-api]: Error analizando llamada con callAnalyser: fetch failed
2025-08-28 18:00:57.637 [ERROR] [call-analysis-api]: Error analizando llamada con callAnalyser: fetch failed
2025-08-28 18:00:57.638 [ERROR] [call-analysis-api]: Error analizando llamada con callAnalyser: fetch failed
2025-08-28 18:00:57.638 [ERROR] [call-analysis-api]: Error analizando llamada con callAnalyser: fetch failed
2025-08-28 18:00:57.650 [ERROR] [call-analysis-api]: Error analizando llamada con callAnalyser: fetch failed
2025-08-28 18:00:57.651 [ERROR] [call-analysis-api]: Error analizando llamada con callAnalyser: fetch failed
2025-08-28 18:00:57.651 [ERROR] [call-analysis-api]: Error analizando llamada con callAnalyser: fetch failed
2025-08-28 18:02:14.077 [ERROR] [call-analysis-api]: Error analizando llamada con callAnalyser: fetch failed
2025-08-28 18:02:14.079 [ERROR] [call-analysis-api]: Error analizando llamada con callAnalyser: fetch failed
2025-08-28 18:02:14.079 [ERROR] [call-analysis-api]: Error analizando llamada con callAnalyser: fetch failed
2025-08-28 18:02:14.092 [ERROR] [call-analysis-api]: Error analizando llamada con callAnalyser: fetch failed
2025-08-28 18:02:14.094 [ERROR] [call-analysis-api]: Error analizando llamada con callAnalyser: fetch failed
2025-08-28 18:02:14.095 [ERROR] [call-analysis-api]: Error analizando llamada con callAnalyser: fetch failed
2025-08-28 18:03:36.171 [ERROR] [call-analysis-api]: Error analizando llamada con callAnalyser: fetch failed
2025-08-28 18:03:36.172 [ERROR] [call-analysis-api]: Error analizando llamada con callAnalyser: fetch failed
2025-08-28 18:03:36.173 [ERROR] [call-analysis-api]: Error analizando llamada con callAnalyser: fetch failed
2025-08-28 18:03:36.174 [ERROR] [call-analysis-api]: Error analizando llamada con callAnalyser: fetch failed
2025-08-28 18:03:36.175 [ERROR] [call-analysis-api]: Error analizando llamada con callAnalyser: fetch failed
2025-08-28 18:03:36.175 [ERROR] [call-analysis-api]: Error analizando llamada con callAnalyser: fetch failed
2025-08-28 18:04:58.359 [ERROR] [call-analysis-api]: Error analizando llamada con callAnalyser: fetch failed
2025-08-28 18:04:58.359 [ERROR] [call-analysis-api]: Error analizando llamada con callAnalyser: fetch failed
2025-08-28 18:04:58.360 [ERROR] [call-analysis-api]: Error analizando llamada con callAnalyser: fetch failed
2025-08-28 18:04:58.395 [ERROR] [call-analysis-api]: Error analizando llamada con callAnalyser: fetch failed
2025-08-28 18:04:58.395 [ERROR] [call-analysis-api]: Error analizando llamada con callAnalyser: fetch failed
2025-08-28 18:04:58.396 [ERROR] [call-analysis-api]: Error analizando llamada con callAnalyser: fetch failed
2025-08-28 18:05:50.760 [ERROR] [call-analysis-api]: Error analizando llamada con callAnalyser: fetch failed
2025-08-28 18:05:50.761 [ERROR] [call-analysis-api]: Error analizando llamada con callAnalyser: fetch failed
2025-08-28 18:05:50.761 [ERROR] [call-analysis-api]: Error analizando llamada con callAnalyser: fetch failed
2025-08-28 18:05:50.781 [ERROR] [call-analysis-api]: Error analizando llamada con callAnalyser: fetch failed
2025-08-28 18:05:50.782 [ERROR] [call-analysis-api]: Error analizando llamada con callAnalyser: fetch failed
2025-08-28 18:05:50.782 [ERROR] [call-analysis-api]: Error analizando llamada con callAnalyser: fetch failed
2025-08-28 18:05:56.429 [ERROR] [call-analysis-api]: Error analizando llamada con callAnalyser: fetch failed
2025-08-28 18:05:56.430 [ERROR] [call-analysis-api]: Error analizando llamada con callAnalyser: fetch failed
2025-08-28 18:05:56.430 [ERROR] [call-analysis-api]: Error analizando llamada con callAnalyser: fetch failed
2025-08-28 18:05:56.440 [ERROR] [call-analysis-api]: Error analizando llamada con callAnalyser: fetch failed
2025-08-28 18:05:56.441 [ERROR] [call-analysis-api]: Error analizando llamada con callAnalyser: fetch failed
2025-08-28 18:05:56.443 [ERROR] [call-analysis-api]: Error analizando llamada con callAnalyser: fetch failed
2025-08-28 18:05:59.507 [ERROR] [call-analysis-api]: Error analizando llamada con callAnalyser: fetch failed
2025-08-28 18:05:59.507 [ERROR] [call-analysis-api]: Error analizando llamada con callAnalyser: fetch failed
2025-08-28 18:05:59.508 [ERROR] [call-analysis-api]: Error analizando llamada con callAnalyser: fetch failed
2025-08-28 18:05:59.520 [ERROR] [call-analysis-api]: Error analizando llamada con callAnalyser: fetch failed
2025-08-28 18:05:59.521 [ERROR] [call-analysis-api]: Error analizando llamada con callAnalyser: fetch failed
2025-08-28 18:05:59.522 [ERROR] [call-analysis-api]: Error analizando llamada con callAnalyser: fetch failed
2025-08-28 18:09:41.115 [ERROR] [call-analysis-api]: Error analizando llamada con callAnalyser: fetch failed
2025-08-28 18:09:41.116 [ERROR] [call-analysis-api]: Error analizando llamada con callAnalyser: fetch failed
2025-08-28 18:09:41.117 [ERROR] [call-analysis-api]: Error analizando llamada con callAnalyser: fetch failed
2025-08-28 18:09:41.133 [ERROR] [call-analysis-api]: Error analizando llamada con callAnalyser: fetch failed
2025-08-28 18:09:41.133 [ERROR] [call-analysis-api]: Error analizando llamada con callAnalyser: fetch failed
2025-08-28 18:09:41.134 [ERROR] [call-analysis-api]: Error analizando llamada con callAnalyser: fetch failed
2025-08-28 18:10:22.154 [ERROR] [call-analysis-api]: Error analizando llamada con callAnalyser: fetch failed
2025-08-28 18:10:22.155 [ERROR] [call-analysis-api]: Error analizando llamada con callAnalyser: fetch failed
2025-08-28 18:10:22.155 [ERROR] [call-analysis-api]: Error analizando llamada con callAnalyser: fetch failed
2025-08-28 18:10:30.229 [ERROR] [call-analysis-api]: Error analizando llamada con callAnalyser: fetch failed
2025-08-28 18:10:30.230 [ERROR] [call-analysis-api]: Error analizando llamada con callAnalyser: fetch failed
2025-08-28 18:10:30.231 [ERROR] [call-analysis-api]: Error analizando llamada con callAnalyser: fetch failed
2025-08-28 18:10:30.243 [ERROR] [call-analysis-api]: Error analizando llamada con callAnalyser: fetch failed
2025-08-28 18:10:30.244 [ERROR] [call-analysis-api]: Error analizando llamada con callAnalyser: fetch failed
2025-08-28 18:10:30.244 [ERROR] [call-analysis-api]: Error analizando llamada con callAnalyser: fetch failed
2025-08-28 18:11:29.084 [ERROR] [call-analysis-api]: Error analizando llamada con callAnalyser: fetch failed
2025-08-28 18:11:29.086 [ERROR] [call-analysis-api]: Error analizando llamada con callAnalyser: fetch failed
2025-08-28 18:11:29.086 [ERROR] [call-analysis-api]: Error analizando llamada con callAnalyser: fetch failed
2025-08-28 18:11:29.095 [ERROR] [call-analysis-api]: Error analizando llamada con callAnalyser: fetch failed
2025-08-28 18:11:29.096 [ERROR] [call-analysis-api]: Error analizando llamada con callAnalyser: fetch failed
2025-08-28 18:11:29.097 [ERROR] [call-analysis-api]: Error analizando llamada con callAnalyser: fetch failed
2025-08-28 18:11:39.617 [ERROR] [call-analysis-api]: Error analizando llamada con callAnalyser: fetch failed
2025-08-28 18:11:39.618 [ERROR] [call-analysis-api]: Error analizando llamada con callAnalyser: fetch failed
2025-08-28 18:11:39.618 [ERROR] [call-analysis-api]: Error analizando llamada con callAnalyser: fetch failed
2025-08-28 18:11:39.637 [ERROR] [call-analysis-api]: Error analizando llamada con callAnalyser: fetch failed
2025-08-28 18:11:39.637 [ERROR] [call-analysis-api]: Error analizando llamada con callAnalyser: fetch failed
2025-08-28 18:11:39.638 [ERROR] [call-analysis-api]: Error analizando llamada con callAnalyser: fetch failed
2025-08-28 18:12:10.232 [ERROR] [call-analysis-api]: Error analizando llamada con callAnalyser: fetch failed
2025-08-28 18:12:10.233 [ERROR] [call-analysis-api]: Error analizando llamada con callAnalyser: fetch failed
2025-08-28 18:12:10.234 [ERROR] [call-analysis-api]: Error analizando llamada con callAnalyser: fetch failed
2025-08-28 18:12:10.277 [ERROR] [call-analysis-api]: Error analizando llamada con callAnalyser: fetch failed
2025-08-28 18:12:10.278 [ERROR] [call-analysis-api]: Error analizando llamada con callAnalyser: fetch failed
2025-08-28 18:12:10.278 [ERROR] [call-analysis-api]: Error analizando llamada con callAnalyser: fetch failed
2025-08-28 18:12:26.359 [ERROR] [call-analysis-api]: Error analizando llamada con callAnalyser: fetch failed
2025-08-28 18:12:26.360 [ERROR] [call-analysis-api]: Error analizando llamada con callAnalyser: fetch failed
2025-08-28 18:12:26.361 [ERROR] [call-analysis-api]: Error analizando llamada con callAnalyser: fetch failed
2025-08-28 18:12:26.378 [ERROR] [call-analysis-api]: Error analizando llamada con callAnalyser: fetch failed
2025-08-28 18:12:26.379 [ERROR] [call-analysis-api]: Error analizando llamada con callAnalyser: fetch failed
2025-08-28 18:12:26.381 [ERROR] [call-analysis-api]: Error analizando llamada con callAnalyser: fetch failed
2025-08-28 18:12:33.875 [ERROR] [call-analysis-api]: Error analizando llamada con callAnalyser: fetch failed
2025-08-28 18:12:33.876 [ERROR] [call-analysis-api]: Error analizando llamada con callAnalyser: fetch failed
2025-08-28 18:12:33.877 [ERROR] [call-analysis-api]: Error analizando llamada con callAnalyser: fetch failed
2025-08-28 18:12:33.898 [ERROR] [call-analysis-api]: Error analizando llamada con callAnalyser: fetch failed
2025-08-28 18:12:33.899 [ERROR] [call-analysis-api]: Error analizando llamada con callAnalyser: fetch failed
2025-08-28 18:12:33.900 [ERROR] [call-analysis-api]: Error analizando llamada con callAnalyser: fetch failed
2025-08-28 18:14:24.134 [ERROR] [call-analysis-api]: Error analizando llamada con callAnalyser: fetch failed
2025-08-28 18:14:24.134 [ERROR] [call-analysis-api]: Error analizando llamada con callAnalyser: fetch failed
2025-08-28 18:14:24.135 [ERROR] [call-analysis-api]: Error analizando llamada con callAnalyser: fetch failed
2025-08-28 18:14:24.147 [ERROR] [call-analysis-api]: Error analizando llamada con callAnalyser: fetch failed
2025-08-28 18:14:24.148 [ERROR] [call-analysis-api]: Error analizando llamada con callAnalyser: fetch failed
2025-08-28 18:14:24.148 [ERROR] [call-analysis-api]: Error analizando llamada con callAnalyser: fetch failed
2025-08-28 18:14:30.160 [ERROR] [call-analysis-api]: Error analizando llamada con callAnalyser: fetch failed
2025-08-28 18:14:30.161 [ERROR] [call-analysis-api]: Error analizando llamada con callAnalyser: fetch failed
2025-08-28 18:14:30.162 [ERROR] [call-analysis-api]: Error analizando llamada con callAnalyser: fetch failed
2025-08-28 18:14:30.277 [ERROR] [call-analysis-api]: Error analizando llamada con callAnalyser: fetch failed
2025-08-28 18:14:30.278 [ERROR] [call-analysis-api]: Error analizando llamada con callAnalyser: fetch failed
2025-08-28 18:14:30.278 [ERROR] [call-analysis-api]: Error analizando llamada con callAnalyser: fetch failed
2025-08-28 18:15:37.903 [ERROR] [call-analysis-api]: Error analizando llamada con callAnalyser: fetch failed
2025-08-28 18:15:37.903 [ERROR] [call-analysis-api]: Error analizando llamada con callAnalyser: fetch failed
2025-08-28 18:15:37.907 [ERROR] [call-analysis-api]: Error analizando llamada con callAnalyser: fetch failed
2025-08-28 18:15:37.920 [ERROR] [call-analysis-api]: Error analizando llamada con callAnalyser: fetch failed
2025-08-28 18:15:37.921 [ERROR] [call-analysis-api]: Error analizando llamada con callAnalyser: fetch failed
2025-08-28 18:15:37.921 [ERROR] [call-analysis-api]: Error analizando llamada con callAnalyser: fetch failed
2025-08-28 18:16:31.205 [ERROR] [call-analysis-api]: Error analizando llamada con callAnalyser: fetch failed
2025-08-28 18:16:31.206 [ERROR] [call-analysis-api]: Error analizando llamada con callAnalyser: fetch failed
2025-08-28 18:16:31.206 [ERROR] [call-analysis-api]: Error analizando llamada con callAnalyser: fetch failed
2025-08-28 18:16:31.341 [ERROR] [call-analysis-api]: Error analizando llamada con callAnalyser: fetch failed
2025-08-28 18:16:31.342 [ERROR] [call-analysis-api]: Error analizando llamada con callAnalyser: fetch failed
2025-08-28 18:16:31.343 [ERROR] [call-analysis-api]: Error analizando llamada con callAnalyser: fetch failed
2025-08-28 18:17:16.988 [ERROR] [call-analysis-api]: Error analizando llamada con callAnalyser: fetch failed
2025-08-28 18:17:16.989 [ERROR] [call-analysis-api]: Error analizando llamada con callAnalyser: fetch failed
2025-08-28 18:17:16.990 [ERROR] [call-analysis-api]: Error analizando llamada con callAnalyser: fetch failed
2025-08-28 18:17:17.024 [ERROR] [call-analysis-api]: Error analizando llamada con callAnalyser: fetch failed
2025-08-28 18:17:17.025 [ERROR] [call-analysis-api]: Error analizando llamada con callAnalyser: fetch failed
2025-08-28 18:17:17.027 [ERROR] [call-analysis-api]: Error analizando llamada con callAnalyser: fetch failed
2025-08-28 18:17:23.013 [ERROR] [call-analysis-api]: Error analizando llamada con callAnalyser: fetch failed
2025-08-28 18:17:23.014 [ERROR] [call-analysis-api]: Error analizando llamada con callAnalyser: fetch failed
2025-08-28 18:17:23.015 [ERROR] [call-analysis-api]: Error analizando llamada con callAnalyser: fetch failed
2025-08-28 18:17:23.030 [ERROR] [call-analysis-api]: Error analizando llamada con callAnalyser: fetch failed
2025-08-28 18:17:23.031 [ERROR] [call-analysis-api]: Error analizando llamada con callAnalyser: fetch failed
2025-08-28 18:17:23.032 [ERROR] [call-analysis-api]: Error analizando llamada con callAnalyser: fetch failed
2025-08-28 18:18:03.085 [ERROR] [call-analysis-api]: Error analizando llamada con callAnalyser: fetch failed
2025-08-28 18:18:03.086 [ERROR] [call-analysis-api]: Error analizando llamada con callAnalyser: fetch failed
2025-08-28 18:18:03.086 [ERROR] [call-analysis-api]: Error analizando llamada con callAnalyser: fetch failed
2025-08-28 18:18:03.097 [ERROR] [call-analysis-api]: Error analizando llamada con callAnalyser: fetch failed
2025-08-28 18:18:03.098 [ERROR] [call-analysis-api]: Error analizando llamada con callAnalyser: fetch failed
2025-08-28 18:18:03.098 [ERROR] [call-analysis-api]: Error analizando llamada con callAnalyser: fetch failed
2025-08-28 18:19:15.221 [ERROR] [call-analysis-api]: Error analizando llamada con callAnalyser: fetch failed
2025-08-28 18:19:15.223 [ERROR] [call-analysis-api]: Error analizando llamada con callAnalyser: fetch failed
2025-08-28 18:19:15.223 [ERROR] [call-analysis-api]: Error analizando llamada con callAnalyser: fetch failed
2025-08-28 18:19:15.236 [ERROR] [call-analysis-api]: Error analizando llamada con callAnalyser: fetch failed
2025-08-28 18:19:15.237 [ERROR] [call-analysis-api]: Error analizando llamada con callAnalyser: fetch failed
2025-08-28 18:19:15.238 [ERROR] [call-analysis-api]: Error analizando llamada con callAnalyser: fetch failed
2025-08-28 18:19:54.275 [ERROR] [call-analysis-api]: Error analizando llamada con callAnalyser: fetch failed
2025-08-28 18:19:54.276 [ERROR] [call-analysis-api]: Error analizando llamada con callAnalyser: fetch failed
2025-08-28 18:19:54.277 [ERROR] [call-analysis-api]: Error analizando llamada con callAnalyser: fetch failed
2025-08-28 18:19:54.307 [ERROR] [call-analysis-api]: Error analizando llamada con callAnalyser: fetch failed
2025-08-28 18:19:54.308 [ERROR] [call-analysis-api]: Error analizando llamada con callAnalyser: fetch failed
2025-08-28 18:19:54.308 [ERROR] [call-analysis-api]: Error analizando llamada con callAnalyser: fetch failed
2025-08-28 18:20:18.601 [ERROR] [call-analysis-api]: Error analizando llamada con callAnalyser: fetch failed
2025-08-28 18:20:18.602 [ERROR] [call-analysis-api]: Error analizando llamada con callAnalyser: fetch failed
2025-08-28 18:20:18.603 [ERROR] [call-analysis-api]: Error analizando llamada con callAnalyser: fetch failed
2025-08-28 18:20:18.624 [ERROR] [call-analysis-api]: Error analizando llamada con callAnalyser: fetch failed
2025-08-28 18:20:18.625 [ERROR] [call-analysis-api]: Error analizando llamada con callAnalyser: fetch failed
2025-08-28 18:20:18.625 [ERROR] [call-analysis-api]: Error analizando llamada con callAnalyser: fetch failed
2025-08-28 18:20:40.566 [ERROR] [call-analysis-api]: Error analizando llamada con callAnalyser: fetch failed
2025-08-28 18:20:40.567 [ERROR] [call-analysis-api]: Error analizando llamada con callAnalyser: fetch failed
2025-08-28 18:20:40.567 [ERROR] [call-analysis-api]: Error analizando llamada con callAnalyser: fetch failed
2025-08-28 18:20:40.577 [ERROR] [call-analysis-api]: Error analizando llamada con callAnalyser: fetch failed
2025-08-28 18:20:40.578 [ERROR] [call-analysis-api]: Error analizando llamada con callAnalyser: fetch failed
2025-08-28 18:20:40.578 [ERROR] [call-analysis-api]: Error analizando llamada con callAnalyser: fetch failed
2025-08-28 18:23:12.470 [ERROR] [call-analysis-api]: Error analizando llamada con callAnalyser: fetch failed
2025-08-28 18:23:12.471 [ERROR] [call-analysis-api]: Error analizando llamada con callAnalyser: fetch failed
2025-08-28 18:23:12.472 [ERROR] [call-analysis-api]: Error analizando llamada con callAnalyser: fetch failed
2025-08-28 18:23:12.486 [ERROR] [call-analysis-api]: Error analizando llamada con callAnalyser: fetch failed
2025-08-28 18:23:12.486 [ERROR] [call-analysis-api]: Error analizando llamada con callAnalyser: fetch failed
2025-08-28 18:23:12.487 [ERROR] [call-analysis-api]: Error analizando llamada con callAnalyser: fetch failed
2025-08-28 18:23:33.448 [ERROR] [call-analysis-api]: Error analizando llamada con callAnalyser: fetch failed
2025-08-28 18:23:33.449 [ERROR] [call-analysis-api]: Error analizando llamada con callAnalyser: fetch failed
2025-08-28 18:23:33.449 [ERROR] [call-analysis-api]: Error analizando llamada con callAnalyser: fetch failed
2025-08-28 18:23:33.457 [ERROR] [call-analysis-api]: Error analizando llamada con callAnalyser: fetch failed
2025-08-28 18:23:33.457 [ERROR] [call-analysis-api]: Error analizando llamada con callAnalyser: fetch failed
2025-08-28 18:23:33.458 [ERROR] [call-analysis-api]: Error analizando llamada con callAnalyser: fetch failed
2025-08-28 18:54:11.759 [ERROR] [call-analysis-api]: Error analizando llamada con callAnalyser: fetch failed
2025-08-28 18:54:11.762 [ERROR] [call-analysis-api]: Error analizando llamada con callAnalyser: fetch failed
2025-08-28 18:54:11.766 [ERROR] [call-analysis-api]: Error analizando llamada con callAnalyser: fetch failed
2025-08-28 18:54:11.829 [ERROR] [call-analysis-api]: Error analizando llamada con callAnalyser: fetch failed
2025-08-28 18:54:11.831 [ERROR] [call-analysis-api]: Error analizando llamada con callAnalyser: fetch failed
2025-08-28 18:54:11.836 [ERROR] [call-analysis-api]: Error analizando llamada con callAnalyser: fetch failed
2025-08-28 18:55:08.051 [ERROR] [call-analysis-api]: Error analizando llamada con callAnalyser: fetch failed
2025-08-28 18:55:08.053 [ERROR] [call-analysis-api]: Error analizando llamada con callAnalyser: fetch failed
2025-08-28 18:55:08.054 [ERROR] [call-analysis-api]: Error analizando llamada con callAnalyser: fetch failed
2025-08-28 18:55:08.101 [ERROR] [call-analysis-api]: Error analizando llamada con callAnalyser: fetch failed
2025-08-28 18:55:08.103 [ERROR] [call-analysis-api]: Error analizando llamada con callAnalyser: fetch failed
2025-08-28 18:55:08.107 [ERROR] [call-analysis-api]: Error analizando llamada con callAnalyser: fetch failed
2025-08-28 18:55:12.321 [ERROR] [call-analysis-api]: Error analizando llamada con callAnalyser: fetch failed
2025-08-28 18:55:12.323 [ERROR] [call-analysis-api]: Error analizando llamada con callAnalyser: fetch failed
2025-08-28 18:55:12.326 [ERROR] [call-analysis-api]: Error analizando llamada con callAnalyser: fetch failed
2025-08-28 18:55:12.390 [ERROR] [call-analysis-api]: Error analizando llamada con callAnalyser: fetch failed
2025-08-28 18:55:12.393 [ERROR] [call-analysis-api]: Error analizando llamada con callAnalyser: fetch failed
2025-08-28 18:55:12.395 [ERROR] [call-analysis-api]: Error analizando llamada con callAnalyser: fetch failed
2025-08-28 18:55:16.496 [ERROR] [call-analysis-api]: Error analizando llamada con callAnalyser: fetch failed
2025-08-28 18:55:16.500 [ERROR] [call-analysis-api]: Error analizando llamada con callAnalyser: fetch failed
2025-08-28 18:55:16.503 [ERROR] [call-analysis-api]: Error analizando llamada con callAnalyser: fetch failed
2025-08-28 18:55:16.674 [ERROR] [call-analysis-api]: Error analizando llamada con callAnalyser: fetch failed
2025-08-28 18:55:16.675 [ERROR] [call-analysis-api]: Error analizando llamada con callAnalyser: fetch failed
2025-08-28 18:55:16.681 [ERROR] [call-analysis-api]: Error analizando llamada con callAnalyser: fetch failed
2025-08-28 18:55:20.637 [ERROR] [call-analysis-api]: Error analizando llamada con callAnalyser: fetch failed
2025-08-28 18:55:20.638 [ERROR] [call-analysis-api]: Error analizando llamada con callAnalyser: fetch failed
2025-08-28 18:55:20.639 [ERROR] [call-analysis-api]: Error analizando llamada con callAnalyser: fetch failed
2025-08-28 18:55:20.670 [ERROR] [call-analysis-api]: Error analizando llamada con callAnalyser: fetch failed
2025-08-28 18:55:20.671 [ERROR] [call-analysis-api]: Error analizando llamada con callAnalyser: fetch failed
2025-08-28 18:55:20.673 [ERROR] [call-analysis-api]: Error analizando llamada con callAnalyser: fetch failed
2025-08-28 18:56:51.123 [ERROR] [call-analysis-api]: Error analizando llamada con callAnalyser: fetch failed
2025-08-28 18:56:51.126 [ERROR] [call-analysis-api]: Error analizando llamada con callAnalyser: fetch failed
2025-08-28 18:56:51.128 [ERROR] [call-analysis-api]: Error analizando llamada con callAnalyser: fetch failed
2025-08-28 18:56:51.173 [ERROR] [call-analysis-api]: Error analizando llamada con callAnalyser: fetch failed
2025-08-28 18:56:51.175 [ERROR] [call-analysis-api]: Error analizando llamada con callAnalyser: fetch failed
2025-08-28 18:56:51.176 [ERROR] [call-analysis-api]: Error analizando llamada con callAnalyser: fetch failed
2025-08-28 18:58:18.941 [ERROR] [call-analysis-api]: Error analizando llamada con callAnalyser: fetch failed
2025-08-28 18:58:18.944 [ERROR] [call-analysis-api]: Error analizando llamada con callAnalyser: fetch failed
2025-08-28 18:58:18.954 [ERROR] [call-analysis-api]: Error analizando llamada con callAnalyser: fetch failed
2025-08-28 18:58:19.006 [ERROR] [call-analysis-api]: Error analizando llamada con callAnalyser: fetch failed
2025-08-28 18:58:19.008 [ERROR] [call-analysis-api]: Error analizando llamada con callAnalyser: fetch failed
2025-08-28 18:58:19.010 [ERROR] [call-analysis-api]: Error analizando llamada con callAnalyser: fetch failed
2025-08-28 18:58:39.935 [ERROR] [call-analysis-api]: Error analizando llamada con callAnalyser: fetch failed
2025-08-28 18:58:39.939 [ERROR] [call-analysis-api]: Error analizando llamada con callAnalyser: fetch failed
2025-08-28 18:58:39.942 [ERROR] [call-analysis-api]: Error analizando llamada con callAnalyser: fetch failed
2025-08-28 18:58:40.018 [ERROR] [call-analysis-api]: Error analizando llamada con callAnalyser: fetch failed
2025-08-28 18:58:40.022 [ERROR] [call-analysis-api]: Error analizando llamada con callAnalyser: fetch failed
2025-08-28 18:58:40.024 [ERROR] [call-analysis-api]: Error analizando llamada con callAnalyser: fetch failed
2025-08-28 18:59:41.328 [ERROR] [call-analysis-api]: Error analizando llamada con callAnalyser: fetch failed
2025-08-28 18:59:41.331 [ERROR] [call-analysis-api]: Error analizando llamada con callAnalyser: fetch failed
2025-08-28 18:59:41.333 [ERROR] [call-analysis-api]: Error analizando llamada con callAnalyser: fetch failed
2025-08-28 18:59:41.570 [ERROR] [call-analysis-api]: Error analizando llamada con callAnalyser: fetch failed
2025-08-28 18:59:41.573 [ERROR] [call-analysis-api]: Error analizando llamada con callAnalyser: fetch failed
2025-08-28 18:59:41.576 [ERROR] [call-analysis-api]: Error analizando llamada con callAnalyser: fetch failed
2025-08-28 19:03:37.428 [ERROR] [call-analysis-api]: Error analizando llamada con callAnalyser: fetch failed
2025-08-28 19:03:37.428 [ERROR] [call-analysis-api]: Error analizando llamada con callAnalyser: fetch failed
2025-08-28 19:03:37.430 [ERROR] [call-analysis-api]: Error analizando llamada con callAnalyser: fetch failed
2025-08-28 19:03:37.440 [ERROR] [call-analysis-api]: Error analizando llamada con callAnalyser: fetch failed
2025-08-28 19:03:37.441 [ERROR] [call-analysis-api]: Error analizando llamada con callAnalyser: fetch failed
2025-08-28 19:03:37.443 [ERROR] [call-analysis-api]: Error analizando llamada con callAnalyser: fetch failed
2025-08-28 19:03:59.083 [ERROR] [call-analysis-api]: Error analizando llamada con callAnalyser: fetch failed
2025-08-28 19:03:59.084 [ERROR] [call-analysis-api]: Error analizando llamada con callAnalyser: fetch failed
2025-08-28 19:03:59.084 [ERROR] [call-analysis-api]: Error analizando llamada con callAnalyser: fetch failed
2025-08-28 19:03:59.137 [ERROR] [call-analysis-api]: Error analizando llamada con callAnalyser: fetch failed
2025-08-28 19:03:59.137 [ERROR] [call-analysis-api]: Error analizando llamada con callAnalyser: fetch failed
2025-08-28 19:03:59.138 [ERROR] [call-analysis-api]: Error analizando llamada con callAnalyser: fetch failed
2025-08-28 19:04:04.050 [ERROR] [call-analysis-api]: Error analizando llamada con callAnalyser: fetch failed
2025-08-28 19:04:04.050 [ERROR] [call-analysis-api]: Error analizando llamada con callAnalyser: fetch failed
2025-08-28 19:04:04.051 [ERROR] [call-analysis-api]: Error analizando llamada con callAnalyser: fetch failed
2025-08-28 19:04:04.053 [ERROR] [call-analysis-api]: Error analizando llamada con callAnalyser: fetch failed
2025-08-28 19:04:04.053 [ERROR] [call-analysis-api]: Error analizando llamada con callAnalyser: fetch failed
2025-08-28 19:04:04.054 [ERROR] [call-analysis-api]: Error analizando llamada con callAnalyser: fetch failed
2025-08-28 19:04:05.590 [ERROR] [call-analysis-api]: Error analizando llamada con callAnalyser: fetch failed
2025-08-28 19:04:05.591 [ERROR] [call-analysis-api]: Error analizando llamada con callAnalyser: fetch failed
2025-08-28 19:04:05.591 [ERROR] [call-analysis-api]: Error analizando llamada con callAnalyser: fetch failed
2025-08-28 19:04:05.600 [ERROR] [call-analysis-api]: Error analizando llamada con callAnalyser: fetch failed
2025-08-28 19:04:05.600 [ERROR] [call-analysis-api]: Error analizando llamada con callAnalyser: fetch failed
2025-08-28 19:04:05.601 [ERROR] [call-analysis-api]: Error analizando llamada con callAnalyser: fetch failed
2025-08-28 19:07:45.370 [ERROR] [call-analysis-api]: Error analizando llamada con callAnalyser: fetch failed
2025-08-28 19:07:45.372 [ERROR] [call-analysis-api]: Error analizando llamada con callAnalyser: fetch failed
2025-08-28 19:07:45.372 [ERROR] [call-analysis-api]: Error analizando llamada con callAnalyser: fetch failed
2025-08-28 19:07:45.379 [ERROR] [call-analysis-api]: Error analizando llamada con callAnalyser: fetch failed
2025-08-28 19:07:45.380 [ERROR] [call-analysis-api]: Error analizando llamada con callAnalyser: fetch failed
2025-08-28 19:07:45.381 [ERROR] [call-analysis-api]: Error analizando llamada con callAnalyser: fetch failed
2025-08-28 19:07:47.637 [ERROR] [call-analysis-api]: Error analizando llamada con callAnalyser: fetch failed
2025-08-28 19:07:47.638 [ERROR] [call-analysis-api]: Error analizando llamada con callAnalyser: fetch failed
2025-08-28 19:07:47.638 [ERROR] [call-analysis-api]: Error analizando llamada con callAnalyser: fetch failed
2025-08-28 19:07:47.653 [ERROR] [call-analysis-api]: Error analizando llamada con callAnalyser: fetch failed
2025-08-28 19:07:47.653 [ERROR] [call-analysis-api]: Error analizando llamada con callAnalyser: fetch failed
2025-08-28 19:07:47.654 [ERROR] [call-analysis-api]: Error analizando llamada con callAnalyser: fetch failed
2025-08-28 19:07:49.072 [ERROR] [call-analysis-api]: Error analizando llamada con callAnalyser: fetch failed
2025-08-28 19:07:49.073 [ERROR] [call-analysis-api]: Error analizando llamada con callAnalyser: fetch failed
2025-08-28 19:07:49.073 [ERROR] [call-analysis-api]: Error analizando llamada con callAnalyser: fetch failed
2025-08-28 19:07:49.082 [ERROR] [call-analysis-api]: Error analizando llamada con callAnalyser: fetch failed
2025-08-28 19:07:49.083 [ERROR] [call-analysis-api]: Error analizando llamada con callAnalyser: fetch failed
2025-08-28 19:07:49.083 [ERROR] [call-analysis-api]: Error analizando llamada con callAnalyser: fetch failed
2025-08-28 19:14:25.137 [ERROR] [call-analysis-api]: Error analizando llamada con callAnalyser: fetch failed
2025-08-28 19:14:25.137 [ERROR] [call-analysis-api]: Error analizando llamada con callAnalyser: fetch failed
2025-08-28 19:14:25.137 [ERROR] [call-analysis-api]: Error analizando llamada con callAnalyser: fetch failed
2025-08-28 19:14:25.144 [ERROR] [call-analysis-api]: Error analizando llamada con callAnalyser: fetch failed
2025-08-28 19:14:25.144 [ERROR] [call-analysis-api]: Error analizando llamada con callAnalyser: fetch failed
2025-08-28 19:14:25.144 [ERROR] [call-analysis-api]: Error analizando llamada con callAnalyser: fetch failed
2025-08-28 19:14:42.435 [ERROR] [call-analysis-api]: Error analizando llamada con callAnalyser: fetch failed
2025-08-28 19:14:42.435 [ERROR] [call-analysis-api]: Error analizando llamada con callAnalyser: fetch failed
2025-08-28 19:14:42.435 [ERROR] [call-analysis-api]: Error analizando llamada con callAnalyser: fetch failed
2025-08-28 19:14:42.442 [ERROR] [call-analysis-api]: Error analizando llamada con callAnalyser: fetch failed
2025-08-28 19:14:42.442 [ERROR] [call-analysis-api]: Error analizando llamada con callAnalyser: fetch failed
2025-08-28 19:14:42.442 [ERROR] [call-analysis-api]: Error analizando llamada con callAnalyser: fetch failed
2025-08-28 19:14:56.058 [ERROR] [call-analysis-api]: Error analizando llamada con callAnalyser: fetch failed
2025-08-28 19:14:56.058 [ERROR] [call-analysis-api]: Error analizando llamada con callAnalyser: fetch failed
2025-08-28 19:14:56.058 [ERROR] [call-analysis-api]: Error analizando llamada con callAnalyser: fetch failed
2025-08-28 19:14:56.071 [ERROR] [call-analysis-api]: Error analizando llamada con callAnalyser: fetch failed
2025-08-28 19:14:56.071 [ERROR] [call-analysis-api]: Error analizando llamada con callAnalyser: fetch failed
2025-08-28 19:14:56.072 [ERROR] [call-analysis-api]: Error analizando llamada con callAnalyser: fetch failed
2025-08-28 19:50:52.899 [ERROR] [call-analysis-api]: Error analizando llamada con callAnalyser: fetch failed
2025-08-28 19:50:52.900 [ERROR] [call-analysis-api]: Error analizando llamada con callAnalyser: fetch failed
2025-08-28 19:50:52.900 [ERROR] [call-analysis-api]: Error analizando llamada con callAnalyser: fetch failed
2025-08-28 19:50:52.901 [ERROR] [call-analysis-api]: Error analizando llamada con callAnalyser: fetch failed
2025-08-28 19:50:52.902 [ERROR] [call-analysis-api]: Error analizando llamada con callAnalyser: fetch failed
2025-08-28 19:50:52.902 [ERROR] [call-analysis-api]: Error analizando llamada con callAnalyser: fetch failed
2025-08-28 19:51:12.427 [ERROR] [call-analysis-api]: Error analizando llamada con callAnalyser: fetch failed
2025-08-28 19:51:12.427 [ERROR] [call-analysis-api]: Error analizando llamada con callAnalyser: fetch failed
2025-08-28 19:51:12.428 [ERROR] [call-analysis-api]: Error analizando llamada con callAnalyser: fetch failed
2025-08-28 19:51:12.433 [ERROR] [call-analysis-api]: Error analizando llamada con callAnalyser: fetch failed
2025-08-28 19:51:12.433 [ERROR] [call-analysis-api]: Error analizando llamada con callAnalyser: fetch failed
2025-08-28 19:51:12.433 [ERROR] [call-analysis-api]: Error analizando llamada con callAnalyser: fetch failed
2025-08-28 19:51:16.412 [ERROR] [call-analysis-api]: Error analizando llamada con callAnalyser: fetch failed
2025-08-28 19:51:16.412 [ERROR] [call-analysis-api]: Error analizando llamada con callAnalyser: fetch failed
2025-08-28 19:51:16.412 [ERROR] [call-analysis-api]: Error analizando llamada con callAnalyser: fetch failed
2025-08-28 19:51:16.418 [ERROR] [call-analysis-api]: Error analizando llamada con callAnalyser: fetch failed
2025-08-28 19:51:16.418 [ERROR] [call-analysis-api]: Error analizando llamada con callAnalyser: fetch failed
2025-08-28 19:51:16.418 [ERROR] [call-analysis-api]: Error analizando llamada con callAnalyser: fetch failed
2025-08-28 19:59:41.894 [ERROR] [call-analysis-api]: Error analizando llamada con callAnalyser: fetch failed
2025-08-28 19:59:41.895 [ERROR] [call-analysis-api]: Error analizando llamada con callAnalyser: fetch failed
2025-08-28 19:59:41.895 [ERROR] [call-analysis-api]: Error analizando llamada con callAnalyser: fetch failed
2025-08-28 19:59:41.903 [ERROR] [call-analysis-api]: Error analizando llamada con callAnalyser: fetch failed
2025-08-28 19:59:41.903 [ERROR] [call-analysis-api]: Error analizando llamada con callAnalyser: fetch failed
2025-08-28 19:59:41.903 [ERROR] [call-analysis-api]: Error analizando llamada con callAnalyser: fetch failed
2025-08-28 20:17:56.007 [ERROR] [call-analysis-api]: Error analizando llamada con callAnalyser: fetch failed
2025-08-28 20:17:56.008 [ERROR] [call-analysis-api]: Error analizando llamada con callAnalyser: fetch failed
2025-08-28 20:17:56.008 [ERROR] [call-analysis-api]: Error analizando llamada con callAnalyser: fetch failed
2025-08-28 20:17:56.017 [ERROR] [call-analysis-api]: Error analizando llamada con callAnalyser: fetch failed
2025-08-28 20:17:56.018 [ERROR] [call-analysis-api]: Error analizando llamada con callAnalyser: fetch failed
2025-08-28 20:17:56.018 [ERROR] [call-analysis-api]: Error analizando llamada con callAnalyser: fetch failed
2025-08-28 20:18:29.451 [ERROR] [call-analysis-api]: Error analizando llamada con callAnalyser: fetch failed
2025-08-28 20:18:29.452 [ERROR] [call-analysis-api]: Error analizando llamada con callAnalyser: fetch failed
2025-08-28 20:18:29.452 [ERROR] [call-analysis-api]: Error analizando llamada con callAnalyser: fetch failed
2025-08-28 20:18:29.491 [ERROR] [call-analysis-api]: Error analizando llamada con callAnalyser: fetch failed
2025-08-28 20:18:29.492 [ERROR] [call-analysis-api]: Error analizando llamada con callAnalyser: fetch failed
2025-08-28 20:18:29.492 [ERROR] [call-analysis-api]: Error analizando llamada con callAnalyser: fetch failed
2025-08-28 20:36:12.837 [ERROR] [call-analysis-api]: Error parseando respuesta de callAnalyser: No se encontr JSON vlido en la respuesta del modelo | Meta: {"stack":"Error: No se encontr JSON vlido en la respuesta del modelo\n    at OllamaService.parseAnalysisResponse (/home/dylan/Documents/all/paradixe/Analysis/backend/src/services/ollamaService.js:134:15)\n    at OllamaService.analyzeCall (/home/dylan/Documents/all/paradixe/Analysis/backend/src/services/ollamaService.js:41:19)\n    at process.processTicksAndRejections (node:internal/process/task_queues:95:5)\n    at async AnalysisService.analyzeCall (/home/dylan/Documents/all/paradixe/Analysis/backend/src/services/analysisService.js:35:14)\n    at async Promise.all (index 1)\n    at async AnalysisService.analyzeCalls (/home/dylan/Documents/all/paradixe/Analysis/backend/src/services/analysisService.js:240:28)\n    at async /home/dylan/Documents/all/paradixe/Analysis/backend/src/routes/analysisRoutes.js:105:28"}
2025-08-28 20:44:05.349 [ERROR] [call-analysis-api]: Error analizando llamada con callAnalyser: fetch failed
2025-08-28 20:44:06.350 [ERROR] [call-analysis-api]: Error analizando llamada con callAnalyser: fetch failed
2025-08-28 20:44:06.350 [ERROR] [call-analysis-api]: Error analizando llamada con callAnalyser: fetch failed
2025-08-28 20:45:04.996 [ERROR] [call-analysis-api]: Error parseando respuesta de callAnalyser: No se encontr JSON vlido en la respuesta del modelo | Meta: {"stack":"Error: No se encontr JSON vlido en la respuesta del modelo\n    at OllamaService.parseAnalysisResponse (/home/dylan/Documents/all/paradixe/Analysis/backend/src/services/ollamaService.js:134:15)\n    at OllamaService.analyzeCall (/home/dylan/Documents/all/paradixe/Analysis/backend/src/services/ollamaService.js:41:19)\n    at process.processTicksAndRejections (node:internal/process/task_queues:95:5)\n    at async AnalysisService.analyzeCall (/home/dylan/Documents/all/paradixe/Analysis/backend/src/services/analysisService.js:35:14)\n    at async Promise.all (index 2)\n    at async AnalysisService.analyzeCalls (/home/dylan/Documents/all/paradixe/Analysis/backend/src/services/analysisService.js:240:28)\n    at async /home/dylan/Documents/all/paradixe/Analysis/backend/src/routes/analysisRoutes.js:105:28"}
2025-08-28 20:45:16.423 [ERROR] [call-analysis-api]: Error analizando llamada con callAnalyser: fetch failed
2025-08-28 20:45:16.424 [ERROR] [call-analysis-api]: Error analizando llamada con callAnalyser: fetch failed
2025-08-28 20:45:35.448 [ERROR] [call-analysis-api]: Error analizando llamada con callAnalyser: fetch failed
2025-08-28 20:45:35.450 [ERROR] [call-analysis-api]: Error analizando llamada con callAnalyser: fetch failed
2025-08-28 20:45:35.451 [ERROR] [call-analysis-api]: Error analizando llamada con callAnalyser: fetch failed
2025-08-28 20:45:35.455 [ERROR] [call-analysis-api]: Error analizando llamada con callAnalyser: fetch failed
2025-08-28 20:45:35.458 [ERROR] [call-analysis-api]: Error analizando llamada con callAnalyser: fetch failed
2025-08-28 20:47:19.550 [ERROR] [call-analysis-api]: Error analizando llamada con callAnalyser: fetch failed
2025-08-28 20:47:19.551 [ERROR] [call-analysis-api]: Error analizando llamada con callAnalyser: fetch failed
2025-08-28 20:47:19.552 [ERROR] [call-analysis-api]: Error analizando llamada con callAnalyser: fetch failed
2025-08-28 20:47:19.553 [ERROR] [call-analysis-api]: Error analizando llamada con callAnalyser: fetch failed
2025-08-28 20:47:25.556 [ERROR] [call-analysis-api]: Error analizando llamada con callAnalyser: fetch failed
2025-08-28 20:47:25.557 [ERROR] [call-analysis-api]: Error analizando llamada con callAnalyser: fetch failed
2025-08-28 20:47:25.558 [ERROR] [call-analysis-api]: Error analizando llamada con callAnalyser: fetch failed
2025-08-28 20:47:25.558 [ERROR] [call-analysis-api]: Error analizando llamada con callAnalyser: fetch failed
2025-08-28 20:47:25.558 [ERROR] [call-analysis-api]: Error analizando llamada con callAnalyser: fetch failed
2025-08-28 20:47:25.560 [ERROR] [call-analysis-api]: Error analizando llamada con callAnalyser: fetch failed
2025-08-28 20:47:31.566 [ERROR] [call-analysis-api]: Error analizando llamada con callAnalyser: fetch failed
2025-08-28 20:47:31.567 [ERROR] [call-analysis-api]: Error analizando llamada con callAnalyser: fetch failed
2025-08-28 20:47:31.568 [ERROR] [call-analysis-api]: Error analizando llamada con callAnalyser: fetch failed
2025-08-28 20:47:31.569 [ERROR] [call-analysis-api]: Error analizando llamada con callAnalyser: fetch failed
2025-08-28 20:47:31.569 [ERROR] [call-analysis-api]: Error analizando llamada con callAnalyser: fetch failed
2025-08-28 20:47:31.571 [ERROR] [call-analysis-api]: Error analizando llamada con callAnalyser: fetch failed
2025-08-28 20:47:36.571 [ERROR] [call-analysis-api]: Error analizando llamada con callAnalyser: fetch failed
2025-08-28 20:47:36.573 [ERROR] [call-analysis-api]: Error analizando llamada con callAnalyser: fetch failed
2025-08-28 20:47:36.574 [ERROR] [call-analysis-api]: Error analizando llamada con callAnalyser: fetch failed
2025-08-28 20:47:36.576 [ERROR] [call-analysis-api]: Error analizando llamada con callAnalyser: fetch failed
2025-08-28 20:47:36.578 [ERROR] [call-analysis-api]: Error analizando llamada con callAnalyser: fetch failed
2025-08-28 20:47:36.579 [ERROR] [call-analysis-api]: Error analizando llamada con callAnalyser: fetch failed
2025-08-28 20:49:44.692 [ERROR] [call-analysis-api]: Error analizando llamada con callAnalyser: fetch failed
2025-08-28 20:49:44.693 [ERROR] [call-analysis-api]: Error analizando llamada con callAnalyser: fetch failed
2025-08-28 20:49:44.693 [ERROR] [call-analysis-api]: Error analizando llamada con callAnalyser: fetch failed
2025-08-28 20:49:45.693 [ERROR] [call-analysis-api]: Error analizando llamada con callAnalyser: fetch failed
2025-08-28 20:49:45.694 [ERROR] [call-analysis-api]: Error analizando llamada con callAnalyser: fetch failed
2025-08-28 20:49:45.695 [ERROR] [call-analysis-api]: Error analizando llamada con callAnalyser: fetch failed
2025-08-28 20:52:41.146 [ERROR] [call-analysis-api]: Error parseando respuesta de callAnalyser: No se encontr JSON vlido en la respuesta del modelo | Meta: {"stack":"Error: No se encontr JSON vlido en la respuesta del modelo\n    at OllamaService.parseAnalysisResponse (/home/dylan/Documents/all/paradixe/Analysis/backend/src/services/ollamaService.js:134:15)\n    at OllamaService.analyzeCall (/home/dylan/Documents/all/paradixe/Analysis/backend/src/services/ollamaService.js:41:19)\n    at process.processTicksAndRejections (node:internal/process/task_queues:95:5)\n    at async AnalysisService.analyzeCall (/home/dylan/Documents/all/paradixe/Analysis/backend/src/services/analysisService.js:35:14)\n    at async Promise.all (index 2)\n    at async AnalysisService.analyzeCalls (/home/dylan/Documents/all/paradixe/Analysis/backend/src/services/analysisService.js:240:28)\n    at async /home/dylan/Documents/all/paradixe/Analysis/backend/src/routes/analysisRoutes.js:105:28"}
2025-08-28 20:55:09.668 [ERROR] [call-analysis-api]: Error parseando respuesta de callAnalyser: No se encontr JSON vlido en la respuesta del modelo | Meta: {"stack":"Error: No se encontr JSON vlido en la respuesta del modelo\n    at OllamaService.parseAnalysisResponse (/home/dylan/Documents/all/paradixe/Analysis/backend/src/services/ollamaService.js:134:15)\n    at OllamaService.analyzeCall (/home/dylan/Documents/all/paradixe/Analysis/backend/src/services/ollamaService.js:41:19)\n    at process.processTicksAndRejections (node:internal/process/task_queues:95:5)\n    at async AnalysisService.analyzeCall (/home/dylan/Documents/all/paradixe/Analysis/backend/src/services/analysisService.js:35:14)\n    at async Promise.all (index 2)\n    at async AnalysisService.analyzeCalls (/home/dylan/Documents/all/paradixe/Analysis/backend/src/services/analysisService.js:240:28)\n    at async /home/dylan/Documents/all/paradixe/Analysis/backend/src/routes/analysisRoutes.js:105:28"}
2025-08-28 20:55:42.132 [ERROR] [call-analysis-api]: Error parseando respuesta de callAnalyser: No se encontr JSON vlido en la respuesta del modelo | Meta: {"stack":"Error: No se encontr JSON vlido en la respuesta del modelo\n    at OllamaService.parseAnalysisResponse (/home/dylan/Documents/all/paradixe/Analysis/backend/src/services/ollamaService.js:134:15)\n    at OllamaService.analyzeCall (/home/dylan/Documents/all/paradixe/Analysis/backend/src/services/ollamaService.js:41:19)\n    at process.processTicksAndRejections (node:internal/process/task_queues:95:5)\n    at async AnalysisService.analyzeCall (/home/dylan/Documents/all/paradixe/Analysis/backend/src/services/analysisService.js:35:14)\n    at async Promise.all (index 0)\n    at async AnalysisService.analyzeCalls (/home/dylan/Documents/all/paradixe/Analysis/backend/src/services/analysisService.js:240:28)\n    at async /home/dylan/Documents/all/paradixe/Analysis/backend/src/routes/analysisRoutes.js:105:28"}
2025-08-28 20:57:08.126 [ERROR] [call-analysis-api]: Error analizando llamada con callAnalyser: fetch failed
2025-08-28 20:57:08.127 [ERROR] [call-analysis-api]: Error analizando llamada con callAnalyser: fetch failed
2025-08-28 20:57:13.132 [ERROR] [call-analysis-api]: Error analizando llamada con callAnalyser: fetch failed
2025-08-28 20:57:13.132 [ERROR] [call-analysis-api]: Error analizando llamada con callAnalyser: fetch failed
2025-08-28 20:57:13.133 [ERROR] [call-analysis-api]: Error analizando llamada con callAnalyser: fetch failed
2025-08-28 20:57:13.137 [ERROR] [call-analysis-api]: Error analizando llamada con callAnalyser: fetch failed
2025-08-28 20:57:13.138 [ERROR] [call-analysis-api]: Error analizando llamada con callAnalyser: fetch failed
2025-08-28 20:57:13.138 [ERROR] [call-analysis-api]: Error analizando llamada con callAnalyser: fetch failed
2025-08-28 21:00:12.126 [ERROR] [call-analysis-api]: Error parseando respuesta de callAnalyser: No se encontr JSON vlido en la respuesta del modelo | Meta: {"stack":"Error: No se encontr JSON vlido en la respuesta del modelo\n    at OllamaService.parseAnalysisResponse (/home/dylan/Documents/all/paradixe/Analysis/backend/src/services/ollamaService.js:134:15)\n    at OllamaService.analyzeCall (/home/dylan/Documents/all/paradixe/Analysis/backend/src/services/ollamaService.js:41:19)\n    at process.processTicksAndRejections (node:internal/process/task_queues:95:5)\n    at async AnalysisService.analyzeCall (/home/dylan/Documents/all/paradixe/Analysis/backend/src/services/analysisService.js:35:14)\n    at async Promise.all (index 2)\n    at async AnalysisService.analyzeCalls (/home/dylan/Documents/all/paradixe/Analysis/backend/src/services/analysisService.js:240:28)\n    at async /home/dylan/Documents/all/paradixe/Analysis/backend/src/routes/analysisRoutes.js:105:28"}
2025-08-28 21:03:29.497 [ERROR] [call-analysis-api]: Error parseando respuesta de callAnalyser: No se encontr JSON vlido en la respuesta del modelo | Meta: {"stack":"Error: No se encontr JSON vlido en la respuesta del modelo\n    at OllamaService.parseAnalysisResponse (/home/dylan/Documents/all/paradixe/Analysis/backend/src/services/ollamaService.js:134:15)\n    at OllamaService.analyzeCall (/home/dylan/Documents/all/paradixe/Analysis/backend/src/services/ollamaService.js:41:19)\n    at process.processTicksAndRejections (node:internal/process/task_queues:95:5)\n    at async AnalysisService.analyzeCall (/home/dylan/Documents/all/paradixe/Analysis/backend/src/services/analysisService.js:35:14)\n    at async Promise.all (index 2)\n    at async AnalysisService.analyzeCalls (/home/dylan/Documents/all/paradixe/Analysis/backend/src/services/analysisService.js:240:28)\n    at async /home/dylan/Documents/all/paradixe/Analysis/backend/src/routes/analysisRoutes.js:105:28"}
2025-08-28 21:04:15.553 [ERROR] [call-analysis-api]: Error analizando llamada con callAnalyser: fetch failed
2025-08-28 21:04:15.554 [ERROR] [call-analysis-api]: Error analizando llamada con callAnalyser: fetch failed
2025-08-28 21:04:15.556 [ERROR] [call-analysis-api]: Error analizando llamada con callAnalyser: fetch failed
2025-08-28 21:04:15.558 [ERROR] [call-analysis-api]: Error analizando llamada con callAnalyser: fetch failed
2025-08-28 21:04:32.236 [ERROR] [call-analysis-api]: Error parseando respuesta de callAnalyser: No se encontr JSON vlido en la respuesta del modelo | Meta: {"stack":"Error: No se encontr JSON vlido en la respuesta del modelo\n    at OllamaService.parseAnalysisResponse (/home/dylan/Documents/all/paradixe/Analysis/backend/src/services/ollamaService.js:134:15)\n    at OllamaService.analyzeCall (/home/dylan/Documents/all/paradixe/Analysis/backend/src/services/ollamaService.js:41:19)\n    at process.processTicksAndRejections (node:internal/process/task_queues:95:5)\n    at async AnalysisService.analyzeCall (/home/dylan/Documents/all/paradixe/Analysis/backend/src/services/analysisService.js:35:14)\n    at async Promise.all (index 0)\n    at async AnalysisService.analyzeCalls (/home/dylan/Documents/all/paradixe/Analysis/backend/src/services/analysisService.js:240:28)\n    at async /home/dylan/Documents/all/paradixe/Analysis/backend/src/routes/analysisRoutes.js:105:28"}
2025-08-28 21:37:41.207 [ERROR] [call-analysis-api]: Error parseando respuesta de callAnalyser: No se encontr JSON vlido en la respuesta del modelo | Meta: {"stack":"Error: No se encontr JSON vlido en la respuesta del modelo\n    at OllamaService.parseAnalysisResponse (/home/dylan/Documents/all/paradixe/Analysis/backend/src/services/ollamaService.js:134:15)\n    at OllamaService.analyzeCall (/home/dylan/Documents/all/paradixe/Analysis/backend/src/services/ollamaService.js:41:19)\n    at process.processTicksAndRejections (node:internal/process/task_queues:95:5)\n    at async AnalysisService.analyzeCall (/home/dylan/Documents/all/paradixe/Analysis/backend/src/services/analysisService.js:35:14)\n    at async Promise.all (index 2)\n    at async AnalysisService.analyzeCalls (/home/dylan/Documents/all/paradixe/Analysis/backend/src/services/analysisService.js:240:28)\n    at async /home/dylan/Documents/all/paradixe/Analysis/backend/src/routes/analysisRoutes.js:105:28"}
2025-08-28 21:39:47.713 [ERROR] [call-analysis-api]: Error parseando respuesta de callAnalyser: No se encontr JSON vlido en la respuesta del modelo | Meta: {"stack":"Error: No se encontr JSON vlido en la respuesta del modelo\n    at OllamaService.parseAnalysisResponse (/home/dylan/Documents/all/paradixe/Analysis/backend/src/services/ollamaService.js:134:15)\n    at OllamaService.analyzeCall (/home/dylan/Documents/all/paradixe/Analysis/backend/src/services/ollamaService.js:41:19)\n    at process.processTicksAndRejections (node:internal/process/task_queues:95:5)\n    at async AnalysisService.analyzeCall (/home/dylan/Documents/all/paradixe/Analysis/backend/src/services/analysisService.js:35:14)\n    at async Promise.all (index 2)\n    at async AnalysisService.analyzeCalls (/home/dylan/Documents/all/paradixe/Analysis/backend/src/services/analysisService.js:240:28)\n    at async /home/dylan/Documents/all/paradixe/Analysis/backend/src/routes/analysisRoutes.js:105:28"}
2025-08-28 21:40:13.212 [ERROR] [call-analysis-api]: Error parseando respuesta de callAnalyser: No se encontr JSON vlido en la respuesta del modelo | Meta: {"stack":"Error: No se encontr JSON vlido en la respuesta del modelo\n    at OllamaService.parseAnalysisResponse (/home/dylan/Documents/all/paradixe/Analysis/backend/src/services/ollamaService.js:134:15)\n    at OllamaService.analyzeCall (/home/dylan/Documents/all/paradixe/Analysis/backend/src/services/ollamaService.js:41:19)\n    at process.processTicksAndRejections (node:internal/process/task_queues:95:5)\n    at async AnalysisService.analyzeCall (/home/dylan/Documents/all/paradixe/Analysis/backend/src/services/analysisService.js:35:14)\n    at async Promise.all (index 2)\n    at async AnalysisService.analyzeCalls (/home/dylan/Documents/all/paradixe/Analysis/backend/src/services/analysisService.js:240:28)\n    at async /home/dylan/Documents/all/paradixe/Analysis/backend/src/routes/analysisRoutes.js:105:28"}
2025-08-28 21:43:11.809 [ERROR] [call-analysis-api]: Error parseando respuesta de callAnalyser: No se encontr JSON vlido en la respuesta del modelo | Meta: {"stack":"Error: No se encontr JSON vlido en la respuesta del modelo\n    at OllamaService.parseAnalysisResponse (/home/dylan/Documents/all/paradixe/Analysis/backend/src/services/ollamaService.js:134:15)\n    at OllamaService.analyzeCall (/home/dylan/Documents/all/paradixe/Analysis/backend/src/services/ollamaService.js:41:19)\n    at process.processTicksAndRejections (node:internal/process/task_queues:95:5)\n    at async AnalysisService.analyzeCall (/home/dylan/Documents/all/paradixe/Analysis/backend/src/services/analysisService.js:35:14)\n    at async Promise.all (index 2)\n    at async AnalysisService.analyzeCalls (/home/dylan/Documents/all/paradixe/Analysis/backend/src/services/analysisService.js:240:28)\n    at async /home/dylan/Documents/all/paradixe/Analysis/backend/src/routes/analysisRoutes.js:105:28"}
2025-08-28 22:01:46.579 [WARN] [api] [ReqID: b3a2a8c7-f866-46e1-8496-c3e6fae318f0]: Missing required parameters | Meta: {"providedParams":{"startDate":false,"endDate":false}}
2025-08-28 22:01:51.949 [WARN] [api] [ReqID: 7089d93d-df4e-4ccd-a582-80a9190a1673]: Missing required parameters | Meta: {"providedParams":{"startDate":false,"endDate":false}}
2025-08-28 22:01:55.418 [WARN] [api] [ReqID: 02027f03-ae57-4d8a-9cf3-3081cf0b5435]: Missing required parameters | Meta: {"providedParams":{"startDate":false,"endDate":false}}
